mode: set
github.com/iBrick/lora-gateway-bridge/internal/backend/basicstation/structs/uplink_data_frame.go:30.120,32.94 2 1
github.com/iBrick/lora-gateway-bridge/internal/backend/basicstation/structs/uplink_data_frame.go:37.2,54.16 10 1
github.com/iBrick/lora-gateway-bridge/internal/backend/basicstation/structs/uplink_data_frame.go:57.2,60.22 2 1
github.com/iBrick/lora-gateway-bridge/internal/backend/basicstation/structs/uplink_data_frame.go:74.2,78.16 4 1
github.com/iBrick/lora-gateway-bridge/internal/backend/basicstation/structs/uplink_data_frame.go:32.94,34.3 1 0
github.com/iBrick/lora-gateway-bridge/internal/backend/basicstation/structs/uplink_data_frame.go:54.16,56.3 1 0
github.com/iBrick/lora-gateway-bridge/internal/backend/basicstation/structs/uplink_data_frame.go:60.22,64.32 2 1
github.com/iBrick/lora-gateway-bridge/internal/backend/basicstation/structs/uplink_data_frame.go:64.32,66.18 2 1
github.com/iBrick/lora-gateway-bridge/internal/backend/basicstation/structs/uplink_data_frame.go:69.4,69.47 1 1
github.com/iBrick/lora-gateway-bridge/internal/backend/basicstation/structs/uplink_data_frame.go:66.18,68.5 1 0
github.com/iBrick/lora-gateway-bridge/internal/backend/basicstation/structs/downlink_message.go:39.93,40.24 1 1
github.com/iBrick/lora-gateway-bridge/internal/backend/basicstation/structs/downlink_message.go:45.2,57.40 3 1
github.com/iBrick/lora-gateway-bridge/internal/backend/basicstation/structs/downlink_message.go:67.2,70.37 3 1
github.com/iBrick/lora-gateway-bridge/internal/backend/basicstation/structs/downlink_message.go:100.2,100.33 1 1
github.com/iBrick/lora-gateway-bridge/internal/backend/basicstation/structs/downlink_message.go:141.2,141.24 1 1
github.com/iBrick/lora-gateway-bridge/internal/backend/basicstation/structs/downlink_message.go:174.2,174.17 1 1
github.com/iBrick/lora-gateway-bridge/internal/backend/basicstation/structs/downlink_message.go:40.24,42.3 1 0
github.com/iBrick/lora-gateway-bridge/internal/backend/basicstation/structs/downlink_message.go:57.40,64.3 5 1
github.com/iBrick/lora-gateway-bridge/internal/backend/basicstation/structs/downlink_message.go:71.30,73.21 2 1
github.com/iBrick/lora-gateway-bridge/internal/backend/basicstation/structs/downlink_message.go:76.3,81.17 2 1
github.com/iBrick/lora-gateway-bridge/internal/backend/basicstation/structs/downlink_message.go:84.29,86.21 2 1
github.com/iBrick/lora-gateway-bridge/internal/backend/basicstation/structs/downlink_message.go:89.3,93.17 2 1
github.com/iBrick/lora-gateway-bridge/internal/backend/basicstation/structs/downlink_message.go:96.10,97.83 1 0
github.com/iBrick/lora-gateway-bridge/internal/backend/basicstation/structs/downlink_message.go:73.21,75.4 1 0
github.com/iBrick/lora-gateway-bridge/internal/backend/basicstation/structs/downlink_message.go:81.17,83.4 1 0
github.com/iBrick/lora-gateway-bridge/internal/backend/basicstation/structs/downlink_message.go:86.21,88.4 1 0
github.com/iBrick/lora-gateway-bridge/internal/backend/basicstation/structs/downlink_message.go:93.17,95.4 1 0
github.com/iBrick/lora-gateway-bridge/internal/backend/basicstation/structs/downlink_message.go:101.37,104.44 3 1
github.com/iBrick/lora-gateway-bridge/internal/backend/basicstation/structs/downlink_message.go:105.31,107.24 2 1
github.com/iBrick/lora-gateway-bridge/internal/backend/basicstation/structs/downlink_message.go:110.3,111.17 2 1
github.com/iBrick/lora-gateway-bridge/internal/backend/basicstation/structs/downlink_message.go:114.3,119.44 5 1
github.com/iBrick/lora-gateway-bridge/internal/backend/basicstation/structs/downlink_message.go:120.35,122.24 2 1
github.com/iBrick/lora-gateway-bridge/internal/backend/basicstation/structs/downlink_message.go:125.3,126.17 2 1
github.com/iBrick/lora-gateway-bridge/internal/backend/basicstation/structs/downlink_message.go:129.3,134.26 5 1
github.com/iBrick/lora-gateway-bridge/internal/backend/basicstation/structs/downlink_message.go:136.10,137.84 1 0
github.com/iBrick/lora-gateway-bridge/internal/backend/basicstation/structs/downlink_message.go:107.24,109.4 1 0
github.com/iBrick/lora-gateway-bridge/internal/backend/basicstation/structs/downlink_message.go:111.17,113.4 1 0
github.com/iBrick/lora-gateway-bridge/internal/backend/basicstation/structs/downlink_message.go:122.24,124.4 1 0
github.com/iBrick/lora-gateway-bridge/internal/backend/basicstation/structs/downlink_message.go:126.17,128.4 1 0
github.com/iBrick/lora-gateway-bridge/internal/backend/basicstation/structs/downlink_message.go:141.24,144.51 2 1
github.com/iBrick/lora-gateway-bridge/internal/backend/basicstation/structs/downlink_message.go:144.51,145.75 1 1
github.com/iBrick/lora-gateway-bridge/internal/backend/basicstation/structs/downlink_message.go:159.4,159.74 1 1
github.com/iBrick/lora-gateway-bridge/internal/backend/basicstation/structs/downlink_message.go:145.75,151.19 2 1
github.com/iBrick/lora-gateway-bridge/internal/backend/basicstation/structs/downlink_message.go:155.5,156.20 2 1
github.com/iBrick/lora-gateway-bridge/internal/backend/basicstation/structs/downlink_message.go:151.19,153.6 1 0
github.com/iBrick/lora-gateway-bridge/internal/backend/basicstation/structs/downlink_message.go:159.74,164.19 2 0
github.com/iBrick/lora-gateway-bridge/internal/backend/basicstation/structs/downlink_message.go:168.5,169.20 2 0
github.com/iBrick/lora-gateway-bridge/internal/backend/basicstation/structs/downlink_message.go:164.19,166.6 1 0
github.com/iBrick/lora-gateway-bridge/internal/backend/basicstation/structs/eui64.go:20.46,22.2 1 0
github.com/iBrick/lora-gateway-bridge/internal/backend/basicstation/structs/eui64.go:25.50,29.30 3 1
github.com/iBrick/lora-gateway-bridge/internal/backend/basicstation/structs/eui64.go:58.2,59.12 2 1
github.com/iBrick/lora-gateway-bridge/internal/backend/basicstation/structs/eui64.go:29.30,31.54 2 1
github.com/iBrick/lora-gateway-bridge/internal/backend/basicstation/structs/eui64.go:31.54,33.4 1 0
github.com/iBrick/lora-gateway-bridge/internal/backend/basicstation/structs/eui64.go:34.8,37.32 3 1
github.com/iBrick/lora-gateway-bridge/internal/backend/basicstation/structs/eui64.go:37.32,38.23 1 1
github.com/iBrick/lora-gateway-bridge/internal/backend/basicstation/structs/eui64.go:38.23,42.5 3 1
github.com/iBrick/lora-gateway-bridge/internal/backend/basicstation/structs/eui64.go:42.10,45.19 3 1
github.com/iBrick/lora-gateway-bridge/internal/backend/basicstation/structs/eui64.go:48.5,48.27 1 1
github.com/iBrick/lora-gateway-bridge/internal/backend/basicstation/structs/eui64.go:52.5,53.8 2 1
github.com/iBrick/lora-gateway-bridge/internal/backend/basicstation/structs/eui64.go:45.19,47.6 1 0
github.com/iBrick/lora-gateway-bridge/internal/backend/basicstation/structs/eui64.go:48.27,50.6 1 1
github.com/iBrick/lora-gateway-bridge/internal/backend/basicstation/structs/eui64.go:62.43,64.27 2 1
github.com/iBrick/lora-gateway-bridge/internal/backend/basicstation/structs/eui64.go:69.2,69.10 1 1
github.com/iBrick/lora-gateway-bridge/internal/backend/basicstation/structs/eui64.go:64.27,65.14 1 1
github.com/iBrick/lora-gateway-bridge/internal/backend/basicstation/structs/eui64.go:65.14,67.4 1 1
github.com/iBrick/lora-gateway-bridge/internal/backend/basicstation/structs/join_request.go:26.110,28.92 2 1
github.com/iBrick/lora-gateway-bridge/internal/backend/basicstation/structs/join_request.go:33.2,37.39 3 1
github.com/iBrick/lora-gateway-bridge/internal/backend/basicstation/structs/join_request.go:40.2,44.38 3 1
github.com/iBrick/lora-gateway-bridge/internal/backend/basicstation/structs/join_request.go:47.2,59.16 8 1
github.com/iBrick/lora-gateway-bridge/internal/backend/basicstation/structs/join_request.go:28.92,30.3 1 0
github.com/iBrick/lora-gateway-bridge/internal/backend/basicstation/structs/join_request.go:37.39,39.3 1 1
github.com/iBrick/lora-gateway-bridge/internal/backend/basicstation/structs/join_request.go:44.38,46.3 1 1
github.com/iBrick/lora-gateway-bridge/internal/backend/basicstation/structs/router_config.go:85.189,97.31 3 1
github.com/iBrick/lora-gateway-bridge/internal/backend/basicstation/structs/router_config.go:102.2,102.31 1 1
github.com/iBrick/lora-gateway-bridge/internal/backend/basicstation/structs/router_config.go:110.2,111.16 2 1
github.com/iBrick/lora-gateway-bridge/internal/backend/basicstation/structs/router_config.go:114.2,114.26 1 1
github.com/iBrick/lora-gateway-bridge/internal/backend/basicstation/structs/router_config.go:134.2,134.63 1 1
github.com/iBrick/lora-gateway-bridge/internal/backend/basicstation/structs/router_config.go:254.2,254.15 1 1
github.com/iBrick/lora-gateway-bridge/internal/backend/basicstation/structs/router_config.go:97.31,99.3 1 1
github.com/iBrick/lora-gateway-bridge/internal/backend/basicstation/structs/router_config.go:102.31,107.3 1 1
github.com/iBrick/lora-gateway-bridge/internal/backend/basicstation/structs/router_config.go:111.16,113.3 1 0
github.com/iBrick/lora-gateway-bridge/internal/backend/basicstation/structs/router_config.go:114.26,116.17 2 1
github.com/iBrick/lora-gateway-bridge/internal/backend/basicstation/structs/router_config.go:121.3,122.57 2 1
github.com/iBrick/lora-gateway-bridge/internal/backend/basicstation/structs/router_config.go:126.3,130.5 1 1
github.com/iBrick/lora-gateway-bridge/internal/backend/basicstation/structs/router_config.go:116.17,118.12 2 1
github.com/iBrick/lora-gateway-bridge/internal/backend/basicstation/structs/router_config.go:122.57,124.4 1 1
github.com/iBrick/lora-gateway-bridge/internal/backend/basicstation/structs/router_config.go:134.63,137.61 2 1
github.com/iBrick/lora-gateway-bridge/internal/backend/basicstation/structs/router_config.go:150.3,150.62 1 1
github.com/iBrick/lora-gateway-bridge/internal/backend/basicstation/structs/router_config.go:163.3,163.74 1 1
github.com/iBrick/lora-gateway-bridge/internal/backend/basicstation/structs/router_config.go:177.3,178.17 2 1
github.com/iBrick/lora-gateway-bridge/internal/backend/basicstation/structs/router_config.go:183.3,183.38 1 1
github.com/iBrick/lora-gateway-bridge/internal/backend/basicstation/structs/router_config.go:195.3,196.42 2 1
github.com/iBrick/lora-gateway-bridge/internal/backend/basicstation/structs/router_config.go:137.61,148.4 1 1
github.com/iBrick/lora-gateway-bridge/internal/backend/basicstation/structs/router_config.go:150.62,161.4 1 1
github.com/iBrick/lora-gateway-bridge/internal/backend/basicstation/structs/router_config.go:163.74,174.4 1 1
github.com/iBrick/lora-gateway-bridge/internal/backend/basicstation/structs/router_config.go:178.17,180.4 1 0
github.com/iBrick/lora-gateway-bridge/internal/backend/basicstation/structs/router_config.go:183.38,184.13 1 1
github.com/iBrick/lora-gateway-bridge/internal/backend/basicstation/structs/router_config.go:185.11,187.50 2 1
github.com/iBrick/lora-gateway-bridge/internal/backend/basicstation/structs/router_config.go:188.11,190.50 2 1
github.com/iBrick/lora-gateway-bridge/internal/backend/basicstation/structs/router_config.go:196.42,198.18 2 1
github.com/iBrick/lora-gateway-bridge/internal/backend/basicstation/structs/router_config.go:202.4,202.30 1 1
github.com/iBrick/lora-gateway-bridge/internal/backend/basicstation/structs/router_config.go:198.18,200.5 1 0
github.com/iBrick/lora-gateway-bridge/internal/backend/basicstation/structs/router_config.go:203.32,205.23 2 1
github.com/iBrick/lora-gateway-bridge/internal/backend/basicstation/structs/router_config.go:209.5,209.43 1 1
github.com/iBrick/lora-gateway-bridge/internal/backend/basicstation/structs/router_config.go:246.31,249.6 1 1
github.com/iBrick/lora-gateway-bridge/internal/backend/basicstation/structs/router_config.go:205.23,206.14 1 0
github.com/iBrick/lora-gateway-bridge/internal/backend/basicstation/structs/router_config.go:209.43,218.6 1 1
github.com/iBrick/lora-gateway-bridge/internal/backend/basicstation/structs/router_config.go:218.11,225.22 2 1
github.com/iBrick/lora-gateway-bridge/internal/backend/basicstation/structs/router_config.go:244.6,244.16 1 1
github.com/iBrick/lora-gateway-bridge/internal/backend/basicstation/structs/router_config.go:226.13,227.63 1 1
github.com/iBrick/lora-gateway-bridge/internal/backend/basicstation/structs/router_config.go:228.13,229.63 1 1
github.com/iBrick/lora-gateway-bridge/internal/backend/basicstation/structs/router_config.go:230.13,231.63 1 1
github.com/iBrick/lora-gateway-bridge/internal/backend/basicstation/structs/router_config.go:232.13,233.63 1 1
github.com/iBrick/lora-gateway-bridge/internal/backend/basicstation/structs/router_config.go:234.13,235.63 1 1
github.com/iBrick/lora-gateway-bridge/internal/backend/basicstation/structs/router_config.go:236.13,237.63 1 1
github.com/iBrick/lora-gateway-bridge/internal/backend/basicstation/structs/router_config.go:238.13,239.63 1 1
github.com/iBrick/lora-gateway-bridge/internal/backend/basicstation/structs/router_config.go:240.13,241.63 1 1
github.com/iBrick/lora-gateway-bridge/internal/backend/basicstation/structs/downlink_transmitted.go:16.108,21.2 1 0
github.com/iBrick/lora-gateway-bridge/internal/backend/basicstation/structs/msg_type.go:28.52,30.47 2 1
github.com/iBrick/lora-gateway-bridge/internal/backend/basicstation/structs/msg_type.go:34.2,34.28 1 1
github.com/iBrick/lora-gateway-bridge/internal/backend/basicstation/structs/msg_type.go:30.47,32.3 1 0
github.com/iBrick/lora-gateway-bridge/internal/backend/basicstation/structs/radio_meta_data.go:33.120,38.16 2 1
github.com/iBrick/lora-gateway-bridge/internal/backend/basicstation/structs/radio_meta_data.go:42.2,46.23 2 1
github.com/iBrick/lora-gateway-bridge/internal/backend/basicstation/structs/radio_meta_data.go:69.2,76.49 2 1
github.com/iBrick/lora-gateway-bridge/internal/backend/basicstation/structs/radio_meta_data.go:89.2,93.12 4 1
github.com/iBrick/lora-gateway-bridge/internal/backend/basicstation/structs/radio_meta_data.go:38.16,40.3 1 0
github.com/iBrick/lora-gateway-bridge/internal/backend/basicstation/structs/radio_meta_data.go:47.27,56.4 2 1
github.com/iBrick/lora-gateway-bridge/internal/backend/basicstation/structs/radio_meta_data.go:57.26,63.4 2 1
github.com/iBrick/lora-gateway-bridge/internal/backend/basicstation/structs/radio_meta_data.go:76.49,82.17 5 1
github.com/iBrick/lora-gateway-bridge/internal/backend/basicstation/structs/radio_meta_data.go:82.17,84.4 1 0
github.com/iBrick/lora-gateway-bridge/internal/backend/basicstation/structs/uplink_proprietary.go:21.134,23.94 2 1
github.com/iBrick/lora-gateway-bridge/internal/backend/basicstation/structs/uplink_proprietary.go:29.2,30.16 2 1
github.com/iBrick/lora-gateway-bridge/internal/backend/basicstation/structs/uplink_proprietary.go:33.2,35.16 2 1
github.com/iBrick/lora-gateway-bridge/internal/backend/basicstation/structs/uplink_proprietary.go:23.94,25.3 1 0
github.com/iBrick/lora-gateway-bridge/internal/backend/basicstation/structs/uplink_proprietary.go:30.16,32.3 1 0
github.com/iBrick/lora-gateway-bridge/internal/backend/basicstation/gateway.go:28.59,33.9 4 1
github.com/iBrick/lora-gateway-bridge/internal/backend/basicstation/gateway.go:36.2,36.16 1 1
github.com/iBrick/lora-gateway-bridge/internal/backend/basicstation/gateway.go:33.9,35.3 1 1
github.com/iBrick/lora-gateway-bridge/internal/backend/basicstation/gateway.go:39.60,46.2 5 1
github.com/iBrick/lora-gateway-bridge/internal/backend/basicstation/gateway.go:48.51,55.2 5 1
github.com/iBrick/lora-gateway-bridge/internal/backend/basicstation/metrics.go:35.62,37.2 1 0
github.com/iBrick/lora-gateway-bridge/internal/backend/basicstation/metrics.go:39.65,41.2 1 1
github.com/iBrick/lora-gateway-bridge/internal/backend/basicstation/metrics.go:43.62,45.2 1 1
github.com/iBrick/lora-gateway-bridge/internal/backend/basicstation/metrics.go:47.42,49.2 1 1
github.com/iBrick/lora-gateway-bridge/internal/backend/basicstation/metrics.go:51.45,53.2 1 1
github.com/iBrick/lora-gateway-bridge/internal/backend/basicstation/backend.go:37.44,37.59 1 1
github.com/iBrick/lora-gateway-bridge/internal/backend/basicstation/backend.go:76.55,103.40 2 1
github.com/iBrick/lora-gateway-bridge/internal/backend/basicstation/backend.go:111.2,111.44 1 1
github.com/iBrick/lora-gateway-bridge/internal/backend/basicstation/backend.go:123.2,125.16 3 1
github.com/iBrick/lora-gateway-bridge/internal/backend/basicstation/backend.go:129.2,130.16 2 1
github.com/iBrick/lora-gateway-bridge/internal/backend/basicstation/backend.go:134.2,135.78 2 1
github.com/iBrick/lora-gateway-bridge/internal/backend/basicstation/backend.go:138.2,138.67 1 1
github.com/iBrick/lora-gateway-bridge/internal/backend/basicstation/backend.go:146.2,147.16 2 1
github.com/iBrick/lora-gateway-bridge/internal/backend/basicstation/backend.go:152.2,157.44 2 1
github.com/iBrick/lora-gateway-bridge/internal/backend/basicstation/backend.go:172.2,172.12 1 1
github.com/iBrick/lora-gateway-bridge/internal/backend/basicstation/backend.go:194.2,194.16 1 1
github.com/iBrick/lora-gateway-bridge/internal/backend/basicstation/backend.go:103.40,105.56 2 1
github.com/iBrick/lora-gateway-bridge/internal/backend/basicstation/backend.go:108.3,108.37 1 1
github.com/iBrick/lora-gateway-bridge/internal/backend/basicstation/backend.go:105.56,107.4 1 0
github.com/iBrick/lora-gateway-bridge/internal/backend/basicstation/backend.go:111.44,113.25 2 1
github.com/iBrick/lora-gateway-bridge/internal/backend/basicstation/backend.go:120.3,120.44 1 1
github.com/iBrick/lora-gateway-bridge/internal/backend/basicstation/backend.go:113.25,115.55 2 1
github.com/iBrick/lora-gateway-bridge/internal/backend/basicstation/backend.go:118.4,118.21 1 1
github.com/iBrick/lora-gateway-bridge/internal/backend/basicstation/backend.go:115.55,117.5 1 0
github.com/iBrick/lora-gateway-bridge/internal/backend/basicstation/backend.go:125.16,127.3 1 0
github.com/iBrick/lora-gateway-bridge/internal/backend/basicstation/backend.go:130.16,132.3 1 0
github.com/iBrick/lora-gateway-bridge/internal/backend/basicstation/backend.go:135.78,137.3 1 1
github.com/iBrick/lora-gateway-bridge/internal/backend/basicstation/backend.go:138.67,142.3 3 1
github.com/iBrick/lora-gateway-bridge/internal/backend/basicstation/backend.go:147.16,149.3 1 0
github.com/iBrick/lora-gateway-bridge/internal/backend/basicstation/backend.go:157.44,159.17 2 0
github.com/iBrick/lora-gateway-bridge/internal/backend/basicstation/backend.go:163.3,169.4 3 0
github.com/iBrick/lora-gateway-bridge/internal/backend/basicstation/backend.go:159.17,161.4 1 0
github.com/iBrick/lora-gateway-bridge/internal/backend/basicstation/backend.go:172.12,180.130 2 1
github.com/iBrick/lora-gateway-bridge/internal/backend/basicstation/backend.go:180.130,182.60 1 1
github.com/iBrick/lora-gateway-bridge/internal/backend/basicstation/backend.go:182.60,184.5 1 0
github.com/iBrick/lora-gateway-bridge/internal/backend/basicstation/backend.go:185.9,188.132 2 0
github.com/iBrick/lora-gateway-bridge/internal/backend/basicstation/backend.go:188.132,190.5 1 0
github.com/iBrick/lora-gateway-bridge/internal/backend/basicstation/backend.go:198.64,200.2 1 1
github.com/iBrick/lora-gateway-bridge/internal/backend/basicstation/backend.go:203.62,205.2 1 0
github.com/iBrick/lora-gateway-bridge/internal/backend/basicstation/backend.go:208.60,210.2 1 1
github.com/iBrick/lora-gateway-bridge/internal/backend/basicstation/backend.go:213.65,215.2 1 1
github.com/iBrick/lora-gateway-bridge/internal/backend/basicstation/backend.go:218.84,220.2 1 1
github.com/iBrick/lora-gateway-bridge/internal/backend/basicstation/backend.go:223.64,228.19 3 1
github.com/iBrick/lora-gateway-bridge/internal/backend/basicstation/backend.go:237.2,238.16 2 1
github.com/iBrick/lora-gateway-bridge/internal/backend/basicstation/backend.go:242.2,253.55 8 1
github.com/iBrick/lora-gateway-bridge/internal/backend/basicstation/backend.go:257.2,262.12 2 1
github.com/iBrick/lora-gateway-bridge/internal/backend/basicstation/backend.go:228.19,230.46 2 0
github.com/iBrick/lora-gateway-bridge/internal/backend/basicstation/backend.go:234.3,234.53 1 0
github.com/iBrick/lora-gateway-bridge/internal/backend/basicstation/backend.go:230.46,232.4 1 0
github.com/iBrick/lora-gateway-bridge/internal/backend/basicstation/backend.go:238.16,240.3 1 0
github.com/iBrick/lora-gateway-bridge/internal/backend/basicstation/backend.go:253.55,255.3 1 0
github.com/iBrick/lora-gateway-bridge/internal/backend/basicstation/backend.go:266.78,268.2 1 0
github.com/iBrick/lora-gateway-bridge/internal/backend/basicstation/backend.go:271.84,278.26 5 1
github.com/iBrick/lora-gateway-bridge/internal/backend/basicstation/backend.go:282.2,283.48 2 1
github.com/iBrick/lora-gateway-bridge/internal/backend/basicstation/backend.go:287.2,288.70 2 1
github.com/iBrick/lora-gateway-bridge/internal/backend/basicstation/backend.go:292.2,297.12 2 1
github.com/iBrick/lora-gateway-bridge/internal/backend/basicstation/backend.go:278.26,280.3 1 0
github.com/iBrick/lora-gateway-bridge/internal/backend/basicstation/backend.go:283.48,285.3 1 1
github.com/iBrick/lora-gateway-bridge/internal/backend/basicstation/backend.go:288.70,290.3 1 0
github.com/iBrick/lora-gateway-bridge/internal/backend/basicstation/backend.go:301.33,304.2 2 1
github.com/iBrick/lora-gateway-bridge/internal/backend/basicstation/backend.go:306.72,310.41 3 1
github.com/iBrick/lora-gateway-bridge/internal/backend/basicstation/backend.go:317.2,323.53 2 1
github.com/iBrick/lora-gateway-bridge/internal/backend/basicstation/backend.go:333.2,334.16 2 1
github.com/iBrick/lora-gateway-bridge/internal/backend/basicstation/backend.go:339.2,340.66 2 1
github.com/iBrick/lora-gateway-bridge/internal/backend/basicstation/backend.go:345.2,349.63 1 1
github.com/iBrick/lora-gateway-bridge/internal/backend/basicstation/backend.go:310.41,311.132 1 0
github.com/iBrick/lora-gateway-bridge/internal/backend/basicstation/backend.go:314.3,314.9 1 0
github.com/iBrick/lora-gateway-bridge/internal/backend/basicstation/backend.go:311.132,313.4 1 0
github.com/iBrick/lora-gateway-bridge/internal/backend/basicstation/backend.go:323.53,326.131 2 0
github.com/iBrick/lora-gateway-bridge/internal/backend/basicstation/backend.go:326.131,330.4 2 0
github.com/iBrick/lora-gateway-bridge/internal/backend/basicstation/backend.go:334.16,337.3 2 0
github.com/iBrick/lora-gateway-bridge/internal/backend/basicstation/backend.go:340.66,343.3 2 0
github.com/iBrick/lora-gateway-bridge/internal/backend/basicstation/backend.go:352.69,355.23 2 1
github.com/iBrick/lora-gateway-bridge/internal/backend/basicstation/backend.go:360.2,361.83 2 1
github.com/iBrick/lora-gateway-bridge/internal/backend/basicstation/backend.go:366.2,366.53 1 1
github.com/iBrick/lora-gateway-bridge/internal/backend/basicstation/backend.go:378.2,379.16 2 1
github.com/iBrick/lora-gateway-bridge/internal/backend/basicstation/backend.go:385.2,385.68 1 1
github.com/iBrick/lora-gateway-bridge/internal/backend/basicstation/backend.go:388.2,396.15 3 1
github.com/iBrick/lora-gateway-bridge/internal/backend/basicstation/backend.go:405.2,409.12 3 1
github.com/iBrick/lora-gateway-bridge/internal/backend/basicstation/backend.go:457.2,457.6 1 1
github.com/iBrick/lora-gateway-bridge/internal/backend/basicstation/backend.go:355.23,358.3 2 0
github.com/iBrick/lora-gateway-bridge/internal/backend/basicstation/backend.go:361.83,364.3 2 0
github.com/iBrick/lora-gateway-bridge/internal/backend/basicstation/backend.go:366.53,368.115 2 0
github.com/iBrick/lora-gateway-bridge/internal/backend/basicstation/backend.go:368.115,374.4 2 0
github.com/iBrick/lora-gateway-bridge/internal/backend/basicstation/backend.go:379.16,382.3 2 0
github.com/iBrick/lora-gateway-bridge/internal/backend/basicstation/backend.go:385.68,387.3 1 0
github.com/iBrick/lora-gateway-bridge/internal/backend/basicstation/backend.go:396.15,403.3 3 1
github.com/iBrick/lora-gateway-bridge/internal/backend/basicstation/backend.go:409.12,412.7 2 1
github.com/iBrick/lora-gateway-bridge/internal/backend/basicstation/backend.go:412.7,413.11 1 1
github.com/iBrick/lora-gateway-bridge/internal/backend/basicstation/backend.go:414.25,416.19 2 0
github.com/iBrick/lora-gateway-bridge/internal/backend/basicstation/backend.go:421.5,422.55 2 0
github.com/iBrick/lora-gateway-bridge/internal/backend/basicstation/backend.go:425.5,425.57 1 0
github.com/iBrick/lora-gateway-bridge/internal/backend/basicstation/backend.go:428.5,428.55 1 0
github.com/iBrick/lora-gateway-bridge/internal/backend/basicstation/backend.go:431.5,431.57 1 0
github.com/iBrick/lora-gateway-bridge/internal/backend/basicstation/backend.go:435.5,448.6 5 0
github.com/iBrick/lora-gateway-bridge/internal/backend/basicstation/backend.go:449.16,450.11 1 1
github.com/iBrick/lora-gateway-bridge/internal/backend/basicstation/backend.go:416.19,418.14 2 0
github.com/iBrick/lora-gateway-bridge/internal/backend/basicstation/backend.go:422.55,424.6 1 0
github.com/iBrick/lora-gateway-bridge/internal/backend/basicstation/backend.go:425.57,427.6 1 0
github.com/iBrick/lora-gateway-bridge/internal/backend/basicstation/backend.go:428.55,430.6 1 0
github.com/iBrick/lora-gateway-bridge/internal/backend/basicstation/backend.go:431.57,433.6 1 0
github.com/iBrick/lora-gateway-bridge/internal/backend/basicstation/backend.go:457.6,459.17 2 1
github.com/iBrick/lora-gateway-bridge/internal/backend/basicstation/backend.go:467.3,469.36 2 1
github.com/iBrick/lora-gateway-bridge/internal/backend/basicstation/backend.go:479.3,486.17 3 1
github.com/iBrick/lora-gateway-bridge/internal/backend/basicstation/backend.go:494.3,497.18 2 1
github.com/iBrick/lora-gateway-bridge/internal/backend/basicstation/backend.go:459.17,460.133 1 1
github.com/iBrick/lora-gateway-bridge/internal/backend/basicstation/backend.go:463.4,463.10 1 1
github.com/iBrick/lora-gateway-bridge/internal/backend/basicstation/backend.go:460.133,462.5 1 0
github.com/iBrick/lora-gateway-bridge/internal/backend/basicstation/backend.go:469.36,476.12 3 1
github.com/iBrick/lora-gateway-bridge/internal/backend/basicstation/backend.go:486.17,491.12 2 0
github.com/iBrick/lora-gateway-bridge/internal/backend/basicstation/backend.go:498.31,501.51 2 1
github.com/iBrick/lora-gateway-bridge/internal/backend/basicstation/backend.go:509.4,509.34 1 1
github.com/iBrick/lora-gateway-bridge/internal/backend/basicstation/backend.go:510.39,514.51 3 1
github.com/iBrick/lora-gateway-bridge/internal/backend/basicstation/backend.go:522.4,522.42 1 1
github.com/iBrick/lora-gateway-bridge/internal/backend/basicstation/backend.go:523.35,527.51 3 1
github.com/iBrick/lora-gateway-bridge/internal/backend/basicstation/backend.go:535.4,535.38 1 1
github.com/iBrick/lora-gateway-bridge/internal/backend/basicstation/backend.go:536.44,540.51 3 1
github.com/iBrick/lora-gateway-bridge/internal/backend/basicstation/backend.go:548.4,548.47 1 1
github.com/iBrick/lora-gateway-bridge/internal/backend/basicstation/backend.go:549.43,553.51 3 1
github.com/iBrick/lora-gateway-bridge/internal/backend/basicstation/backend.go:561.4,561.53 1 1
github.com/iBrick/lora-gateway-bridge/internal/backend/basicstation/backend.go:562.11,563.51 1 1
github.com/iBrick/lora-gateway-bridge/internal/backend/basicstation/backend.go:501.51,507.13 2 0
github.com/iBrick/lora-gateway-bridge/internal/backend/basicstation/backend.go:514.51,520.13 2 0
github.com/iBrick/lora-gateway-bridge/internal/backend/basicstation/backend.go:527.51,533.13 2 0
github.com/iBrick/lora-gateway-bridge/internal/backend/basicstation/backend.go:540.51,546.13 2 0
github.com/iBrick/lora-gateway-bridge/internal/backend/basicstation/backend.go:553.51,559.13 2 0
github.com/iBrick/lora-gateway-bridge/internal/backend/basicstation/backend.go:568.78,580.67 3 1
github.com/iBrick/lora-gateway-bridge/internal/backend/basicstation/backend.go:585.2,585.108 1 1
github.com/iBrick/lora-gateway-bridge/internal/backend/basicstation/backend.go:580.67,583.3 2 0
github.com/iBrick/lora-gateway-bridge/internal/backend/basicstation/backend.go:588.85,590.16 2 1
github.com/iBrick/lora-gateway-bridge/internal/backend/basicstation/backend.go:598.2,599.16 2 1
github.com/iBrick/lora-gateway-bridge/internal/backend/basicstation/backend.go:605.2,612.34 3 1
github.com/iBrick/lora-gateway-bridge/internal/backend/basicstation/backend.go:590.16,595.3 2 0
github.com/iBrick/lora-gateway-bridge/internal/backend/basicstation/backend.go:599.16,604.3 2 0
github.com/iBrick/lora-gateway-bridge/internal/backend/basicstation/backend.go:615.105,617.16 2 1
github.com/iBrick/lora-gateway-bridge/internal/backend/basicstation/backend.go:625.2,626.16 2 1
github.com/iBrick/lora-gateway-bridge/internal/backend/basicstation/backend.go:632.2,639.34 3 1
github.com/iBrick/lora-gateway-bridge/internal/backend/basicstation/backend.go:617.16,622.3 2 0
github.com/iBrick/lora-gateway-bridge/internal/backend/basicstation/backend.go:626.16,631.3 2 0
github.com/iBrick/lora-gateway-bridge/internal/backend/basicstation/backend.go:642.108,647.16 4 1
github.com/iBrick/lora-gateway-bridge/internal/backend/basicstation/backend.go:654.2,654.61 1 1
github.com/iBrick/lora-gateway-bridge/internal/backend/basicstation/backend.go:658.2,666.30 4 1
github.com/iBrick/lora-gateway-bridge/internal/backend/basicstation/backend.go:647.16,652.3 2 0
github.com/iBrick/lora-gateway-bridge/internal/backend/basicstation/backend.go:654.61,656.3 1 1
github.com/iBrick/lora-gateway-bridge/internal/backend/basicstation/backend.go:669.93,671.16 2 1
github.com/iBrick/lora-gateway-bridge/internal/backend/basicstation/backend.go:679.2,680.16 2 1
github.com/iBrick/lora-gateway-bridge/internal/backend/basicstation/backend.go:686.2,693.34 3 1
github.com/iBrick/lora-gateway-bridge/internal/backend/basicstation/backend.go:671.16,676.3 2 0
github.com/iBrick/lora-gateway-bridge/internal/backend/basicstation/backend.go:680.16,685.3 2 0
github.com/iBrick/lora-gateway-bridge/internal/backend/basicstation/backend.go:696.85,698.16 2 1
github.com/iBrick/lora-gateway-bridge/internal/backend/basicstation/backend.go:705.2,716.43 3 1
github.com/iBrick/lora-gateway-bridge/internal/backend/basicstation/backend.go:698.16,703.3 2 0
github.com/iBrick/lora-gateway-bridge/internal/backend/basicstation/backend.go:719.79,721.16 2 1
github.com/iBrick/lora-gateway-bridge/internal/backend/basicstation/backend.go:725.2,726.16 2 1
github.com/iBrick/lora-gateway-bridge/internal/backend/basicstation/backend.go:730.2,736.72 3 1
github.com/iBrick/lora-gateway-bridge/internal/backend/basicstation/backend.go:740.2,740.12 1 1
github.com/iBrick/lora-gateway-bridge/internal/backend/basicstation/backend.go:721.16,723.3 1 0
github.com/iBrick/lora-gateway-bridge/internal/backend/basicstation/backend.go:726.16,728.3 1 0
github.com/iBrick/lora-gateway-bridge/internal/backend/basicstation/backend.go:736.72,738.3 1 0
github.com/iBrick/lora-gateway-bridge/internal/backend/basicstation/backend.go:743.97,745.16 2 1
github.com/iBrick/lora-gateway-bridge/internal/backend/basicstation/backend.go:749.2,750.64 2 1
github.com/iBrick/lora-gateway-bridge/internal/backend/basicstation/backend.go:754.2,754.12 1 1
github.com/iBrick/lora-gateway-bridge/internal/backend/basicstation/backend.go:745.16,747.3 1 0
github.com/iBrick/lora-gateway-bridge/internal/backend/basicstation/backend.go:750.64,752.3 1 0
github.com/iBrick/lora-gateway-bridge/internal/backend/basicstation/backend.go:757.119,759.16 2 1
github.com/iBrick/lora-gateway-bridge/internal/backend/basicstation/backend.go:763.2,766.41 3 1
github.com/iBrick/lora-gateway-bridge/internal/backend/basicstation/backend.go:772.2,776.12 4 1
github.com/iBrick/lora-gateway-bridge/internal/backend/basicstation/backend.go:792.2,793.20 2 1
github.com/iBrick/lora-gateway-bridge/internal/backend/basicstation/backend.go:759.16,762.3 2 0
github.com/iBrick/lora-gateway-bridge/internal/backend/basicstation/backend.go:766.41,770.3 3 0
github.com/iBrick/lora-gateway-bridge/internal/backend/basicstation/backend.go:776.12,777.7 1 1
github.com/iBrick/lora-gateway-bridge/internal/backend/basicstation/backend.go:777.7,778.11 1 1
github.com/iBrick/lora-gateway-bridge/internal/backend/basicstation/backend.go:779.20,782.73 3 0
github.com/iBrick/lora-gateway-bridge/internal/backend/basicstation/backend.go:786.16,787.11 1 1
github.com/iBrick/lora-gateway-bridge/internal/backend/basicstation/backend.go:782.73,785.6 2 0
github.com/iBrick/lora-gateway-bridge/internal/backend/basicstation/backend.go:796.54,799.80 2 1
github.com/iBrick/lora-gateway-bridge/internal/backend/basicstation/backend.go:803.2,803.82 1 1
github.com/iBrick/lora-gateway-bridge/internal/backend/basicstation/backend.go:799.80,801.3 1 1
github.com/iBrick/lora-gateway-bridge/internal/backend/basicstation/backend.go:803.82,805.3 1 1
github.com/iBrick/lora-gateway-bridge/internal/backend/basicstation/backend.go:808.56,811.81 2 1
github.com/iBrick/lora-gateway-bridge/internal/backend/basicstation/backend.go:811.81,813.3 1 1
github.com/iBrick/lora-gateway-bridge/internal/backend/basicstation/backend.go:816.54,819.79 2 1
github.com/iBrick/lora-gateway-bridge/internal/backend/basicstation/backend.go:819.79,821.3 1 1
github.com/iBrick/lora-gateway-bridge/internal/backend/concentratord/metrics.go:20.50,22.2 1 1
github.com/iBrick/lora-gateway-bridge/internal/backend/concentratord/metrics.go:24.52,26.2 1 1
github.com/iBrick/lora-gateway-bridge/internal/backend/concentratord/concentratord.go:43.55,66.16 7 1
github.com/iBrick/lora-gateway-bridge/internal/backend/concentratord/concentratord.go:70.2,74.16 3 1
github.com/iBrick/lora-gateway-bridge/internal/backend/concentratord/concentratord.go:66.16,68.3 1 0
github.com/iBrick/lora-gateway-bridge/internal/backend/concentratord/concentratord.go:77.41,83.16 5 1
github.com/iBrick/lora-gateway-bridge/internal/backend/concentratord/concentratord.go:87.2,88.16 2 1
github.com/iBrick/lora-gateway-bridge/internal/backend/concentratord/concentratord.go:92.2,96.12 2 1
github.com/iBrick/lora-gateway-bridge/internal/backend/concentratord/concentratord.go:83.16,85.3 1 0
github.com/iBrick/lora-gateway-bridge/internal/backend/concentratord/concentratord.go:88.16,90.3 1 0
github.com/iBrick/lora-gateway-bridge/internal/backend/concentratord/concentratord.go:99.43,105.16 5 1
github.com/iBrick/lora-gateway-bridge/internal/backend/concentratord/concentratord.go:109.2,113.12 2 1
github.com/iBrick/lora-gateway-bridge/internal/backend/concentratord/concentratord.go:105.16,107.3 1 0
github.com/iBrick/lora-gateway-bridge/internal/backend/concentratord/concentratord.go:116.41,117.6 1 1
github.com/iBrick/lora-gateway-bridge/internal/backend/concentratord/concentratord.go:117.6,118.45 1 1
github.com/iBrick/lora-gateway-bridge/internal/backend/concentratord/concentratord.go:123.3,123.8 1 1
github.com/iBrick/lora-gateway-bridge/internal/backend/concentratord/concentratord.go:118.45,121.12 3 0
github.com/iBrick/lora-gateway-bridge/internal/backend/concentratord/concentratord.go:127.39,128.6 1 1
github.com/iBrick/lora-gateway-bridge/internal/backend/concentratord/concentratord.go:128.6,129.43 1 1
github.com/iBrick/lora-gateway-bridge/internal/backend/concentratord/concentratord.go:134.3,134.8 1 1
github.com/iBrick/lora-gateway-bridge/internal/backend/concentratord/concentratord.go:129.43,132.12 3 0
github.com/iBrick/lora-gateway-bridge/internal/backend/concentratord/concentratord.go:138.57,142.16 3 1
github.com/iBrick/lora-gateway-bridge/internal/backend/concentratord/concentratord.go:146.2,148.23 2 1
github.com/iBrick/lora-gateway-bridge/internal/backend/concentratord/concentratord.go:142.16,144.3 1 0
github.com/iBrick/lora-gateway-bridge/internal/backend/concentratord/concentratord.go:152.33,160.2 5 1
github.com/iBrick/lora-gateway-bridge/internal/backend/concentratord/concentratord.go:163.64,165.2 1 1
github.com/iBrick/lora-gateway-bridge/internal/backend/concentratord/concentratord.go:168.62,170.2 1 1
github.com/iBrick/lora-gateway-bridge/internal/backend/concentratord/concentratord.go:173.60,175.2 1 1
github.com/iBrick/lora-gateway-bridge/internal/backend/concentratord/concentratord.go:178.65,180.2 1 1
github.com/iBrick/lora-gateway-bridge/internal/backend/concentratord/concentratord.go:183.64,184.31 1 1
github.com/iBrick/lora-gateway-bridge/internal/backend/concentratord/concentratord.go:191.2,199.16 5 1
github.com/iBrick/lora-gateway-bridge/internal/backend/concentratord/concentratord.go:202.2,202.18 1 1
github.com/iBrick/lora-gateway-bridge/internal/backend/concentratord/concentratord.go:206.2,207.49 2 1
github.com/iBrick/lora-gateway-bridge/internal/backend/concentratord/concentratord.go:211.2,215.12 3 1
github.com/iBrick/lora-gateway-bridge/internal/backend/concentratord/concentratord.go:184.31,186.25 2 0
github.com/iBrick/lora-gateway-bridge/internal/backend/concentratord/concentratord.go:186.25,188.4 1 0
github.com/iBrick/lora-gateway-bridge/internal/backend/concentratord/concentratord.go:199.16,201.3 1 0
github.com/iBrick/lora-gateway-bridge/internal/backend/concentratord/concentratord.go:202.18,204.3 1 0
github.com/iBrick/lora-gateway-bridge/internal/backend/concentratord/concentratord.go:207.49,209.3 1 0
github.com/iBrick/lora-gateway-bridge/internal/backend/concentratord/concentratord.go:219.76,220.33 1 1
github.com/iBrick/lora-gateway-bridge/internal/backend/concentratord/concentratord.go:232.2,237.16 3 1
github.com/iBrick/lora-gateway-bridge/internal/backend/concentratord/concentratord.go:241.2,243.12 2 1
github.com/iBrick/lora-gateway-bridge/internal/backend/concentratord/concentratord.go:220.33,222.27 2 0
github.com/iBrick/lora-gateway-bridge/internal/backend/concentratord/concentratord.go:226.3,227.26 2 0
github.com/iBrick/lora-gateway-bridge/internal/backend/concentratord/concentratord.go:222.27,224.4 1 0
github.com/iBrick/lora-gateway-bridge/internal/backend/concentratord/concentratord.go:227.26,229.4 1 0
github.com/iBrick/lora-gateway-bridge/internal/backend/concentratord/concentratord.go:237.16,239.3 1 0
github.com/iBrick/lora-gateway-bridge/internal/backend/concentratord/concentratord.go:247.84,249.2 1 0
github.com/iBrick/lora-gateway-bridge/internal/backend/concentratord/concentratord.go:252.81,254.2 1 0
github.com/iBrick/lora-gateway-bridge/internal/backend/concentratord/concentratord.go:256.83,263.14 5 1
github.com/iBrick/lora-gateway-bridge/internal/backend/concentratord/concentratord.go:270.2,271.52 2 1
github.com/iBrick/lora-gateway-bridge/internal/backend/concentratord/concentratord.go:277.2,278.16 2 1
github.com/iBrick/lora-gateway-bridge/internal/backend/concentratord/concentratord.go:284.2,284.27 1 1
github.com/iBrick/lora-gateway-bridge/internal/backend/concentratord/concentratord.go:263.14,265.17 2 1
github.com/iBrick/lora-gateway-bridge/internal/backend/concentratord/concentratord.go:265.17,267.4 1 0
github.com/iBrick/lora-gateway-bridge/internal/backend/concentratord/concentratord.go:271.52,275.3 3 0
github.com/iBrick/lora-gateway-bridge/internal/backend/concentratord/concentratord.go:278.16,282.3 3 0
github.com/iBrick/lora-gateway-bridge/internal/backend/concentratord/concentratord.go:287.31,288.6 1 1
github.com/iBrick/lora-gateway-bridge/internal/backend/concentratord/concentratord.go:288.6,290.17 2 1
github.com/iBrick/lora-gateway-bridge/internal/backend/concentratord/concentratord.go:306.3,306.27 1 1
github.com/iBrick/lora-gateway-bridge/internal/backend/concentratord/concentratord.go:310.3,310.27 1 1
github.com/iBrick/lora-gateway-bridge/internal/backend/concentratord/concentratord.go:317.3,317.32 1 1
github.com/iBrick/lora-gateway-bridge/internal/backend/concentratord/concentratord.go:329.3,329.17 1 1
github.com/iBrick/lora-gateway-bridge/internal/backend/concentratord/concentratord.go:335.3,335.44 1 1
github.com/iBrick/lora-gateway-bridge/internal/backend/concentratord/concentratord.go:290.17,294.11 2 0
github.com/iBrick/lora-gateway-bridge/internal/backend/concentratord/concentratord.go:303.4,303.12 1 0
github.com/iBrick/lora-gateway-bridge/internal/backend/concentratord/concentratord.go:294.11,302.5 6 0
github.com/iBrick/lora-gateway-bridge/internal/backend/concentratord/concentratord.go:306.27,307.12 1 1
github.com/iBrick/lora-gateway-bridge/internal/backend/concentratord/concentratord.go:310.27,314.12 2 0
github.com/iBrick/lora-gateway-bridge/internal/backend/concentratord/concentratord.go:318.13,319.44 1 1
github.com/iBrick/lora-gateway-bridge/internal/backend/concentratord/concentratord.go:320.16,321.45 1 1
github.com/iBrick/lora-gateway-bridge/internal/backend/concentratord/concentratord.go:322.11,326.12 2 0
github.com/iBrick/lora-gateway-bridge/internal/backend/concentratord/concentratord.go:329.17,333.4 1 0
github.com/iBrick/lora-gateway-bridge/internal/backend/concentratord/concentratord.go:339.54,342.16 3 1
github.com/iBrick/lora-gateway-bridge/internal/backend/concentratord/concentratord.go:346.2,349.72 3 1
github.com/iBrick/lora-gateway-bridge/internal/backend/concentratord/concentratord.go:357.2,358.24 2 1
github.com/iBrick/lora-gateway-bridge/internal/backend/concentratord/concentratord.go:362.2,368.12 3 1
github.com/iBrick/lora-gateway-bridge/internal/backend/concentratord/concentratord.go:342.16,344.3 1 0
github.com/iBrick/lora-gateway-bridge/internal/backend/concentratord/concentratord.go:349.72,355.3 2 0
github.com/iBrick/lora-gateway-bridge/internal/backend/concentratord/concentratord.go:358.24,360.3 1 0
github.com/iBrick/lora-gateway-bridge/internal/backend/concentratord/concentratord.go:371.55,374.16 3 1
github.com/iBrick/lora-gateway-bridge/internal/backend/concentratord/concentratord.go:378.2,387.12 5 1
github.com/iBrick/lora-gateway-bridge/internal/backend/concentratord/concentratord.go:374.16,376.3 1 0
github.com/iBrick/lora-gateway-bridge/internal/backend/semtechudp/backend.go:53.55,55.16 2 1
github.com/iBrick/lora-gateway-bridge/internal/backend/semtechudp/backend.go:59.2,61.16 3 1
github.com/iBrick/lora-gateway-bridge/internal/backend/semtechudp/backend.go:65.2,80.12 2 1
github.com/iBrick/lora-gateway-bridge/internal/backend/semtechudp/backend.go:91.2,92.12 2 1
github.com/iBrick/lora-gateway-bridge/internal/backend/semtechudp/backend.go:100.2,100.12 1 1
github.com/iBrick/lora-gateway-bridge/internal/backend/semtechudp/backend.go:108.2,108.15 1 1
github.com/iBrick/lora-gateway-bridge/internal/backend/semtechudp/backend.go:55.16,57.3 1 0
github.com/iBrick/lora-gateway-bridge/internal/backend/semtechudp/backend.go:61.16,63.3 1 0
github.com/iBrick/lora-gateway-bridge/internal/backend/semtechudp/backend.go:80.12,81.7 1 1
github.com/iBrick/lora-gateway-bridge/internal/backend/semtechudp/backend.go:81.7,83.47 2 1
github.com/iBrick/lora-gateway-bridge/internal/backend/semtechudp/backend.go:86.4,86.27 1 1
github.com/iBrick/lora-gateway-bridge/internal/backend/semtechudp/backend.go:83.47,85.5 1 0
github.com/iBrick/lora-gateway-bridge/internal/backend/semtechudp/backend.go:92.12,94.20 2 1
github.com/iBrick/lora-gateway-bridge/internal/backend/semtechudp/backend.go:97.3,97.14 1 1
github.com/iBrick/lora-gateway-bridge/internal/backend/semtechudp/backend.go:94.20,96.4 1 0
github.com/iBrick/lora-gateway-bridge/internal/backend/semtechudp/backend.go:100.12,102.20 2 1
github.com/iBrick/lora-gateway-bridge/internal/backend/semtechudp/backend.go:105.3,105.14 1 1
github.com/iBrick/lora-gateway-bridge/internal/backend/semtechudp/backend.go:102.20,104.4 1 0
github.com/iBrick/lora-gateway-bridge/internal/backend/semtechudp/backend.go:112.33,118.39 4 1
github.com/iBrick/lora-gateway-bridge/internal/backend/semtechudp/backend.go:122.2,126.12 5 1
github.com/iBrick/lora-gateway-bridge/internal/backend/semtechudp/backend.go:118.39,120.3 1 0
github.com/iBrick/lora-gateway-bridge/internal/backend/semtechudp/backend.go:130.64,132.2 1 1
github.com/iBrick/lora-gateway-bridge/internal/backend/semtechudp/backend.go:135.62,137.2 1 1
github.com/iBrick/lora-gateway-bridge/internal/backend/semtechudp/backend.go:140.60,142.2 1 1
github.com/iBrick/lora-gateway-bridge/internal/backend/semtechudp/backend.go:145.65,147.2 1 1
github.com/iBrick/lora-gateway-bridge/internal/backend/semtechudp/backend.go:150.84,153.2 1 0
github.com/iBrick/lora-gateway-bridge/internal/backend/semtechudp/backend.go:156.67,158.22 1 1
github.com/iBrick/lora-gateway-bridge/internal/backend/semtechudp/backend.go:166.2,167.22 2 1
github.com/iBrick/lora-gateway-bridge/internal/backend/semtechudp/backend.go:173.2,173.44 1 1
github.com/iBrick/lora-gateway-bridge/internal/backend/semtechudp/backend.go:158.22,160.46 2 1
github.com/iBrick/lora-gateway-bridge/internal/backend/semtechudp/backend.go:163.3,163.56 1 1
github.com/iBrick/lora-gateway-bridge/internal/backend/semtechudp/backend.go:160.46,162.4 1 0
github.com/iBrick/lora-gateway-bridge/internal/backend/semtechudp/backend.go:167.22,171.3 1 1
github.com/iBrick/lora-gateway-bridge/internal/backend/semtechudp/backend.go:176.110,177.28 1 1
github.com/iBrick/lora-gateway-bridge/internal/backend/semtechudp/backend.go:182.2,190.16 7 1
github.com/iBrick/lora-gateway-bridge/internal/backend/semtechudp/backend.go:194.2,195.16 2 1
github.com/iBrick/lora-gateway-bridge/internal/backend/semtechudp/backend.go:199.2,200.16 2 1
github.com/iBrick/lora-gateway-bridge/internal/backend/semtechudp/backend.go:204.2,208.12 2 1
github.com/iBrick/lora-gateway-bridge/internal/backend/semtechudp/backend.go:177.28,179.3 1 0
github.com/iBrick/lora-gateway-bridge/internal/backend/semtechudp/backend.go:190.16,192.3 1 1
github.com/iBrick/lora-gateway-bridge/internal/backend/semtechudp/backend.go:195.16,197.3 1 0
github.com/iBrick/lora-gateway-bridge/internal/backend/semtechudp/backend.go:200.16,202.3 1 0
github.com/iBrick/lora-gateway-bridge/internal/backend/semtechudp/backend.go:212.76,214.2 1 0
github.com/iBrick/lora-gateway-bridge/internal/backend/semtechudp/backend.go:217.81,219.2 1 0
github.com/iBrick/lora-gateway-bridge/internal/backend/semtechudp/backend.go:221.35,225.2 3 1
github.com/iBrick/lora-gateway-bridge/internal/backend/semtechudp/backend.go:227.39,229.6 2 1
github.com/iBrick/lora-gateway-bridge/internal/backend/semtechudp/backend.go:229.6,231.17 2 1
github.com/iBrick/lora-gateway-bridge/internal/backend/semtechudp/backend.go:239.3,244.25 4 1
github.com/iBrick/lora-gateway-bridge/internal/backend/semtechudp/backend.go:231.17,232.20 1 1
github.com/iBrick/lora-gateway-bridge/internal/backend/semtechudp/backend.go:236.4,237.12 2 0
github.com/iBrick/lora-gateway-bridge/internal/backend/semtechudp/backend.go:232.20,234.5 1 1
github.com/iBrick/lora-gateway-bridge/internal/backend/semtechudp/backend.go:244.25,245.45 1 1
github.com/iBrick/lora-gateway-bridge/internal/backend/semtechudp/backend.go:245.45,250.5 1 0
github.com/iBrick/lora-gateway-bridge/internal/backend/semtechudp/backend.go:255.39,256.31 1 1
github.com/iBrick/lora-gateway-bridge/internal/backend/semtechudp/backend.go:283.2,283.12 1 1
github.com/iBrick/lora-gateway-bridge/internal/backend/semtechudp/backend.go:256.31,258.17 2 1
github.com/iBrick/lora-gateway-bridge/internal/backend/semtechudp/backend.go:266.3,273.17 3 1
github.com/iBrick/lora-gateway-bridge/internal/backend/semtechudp/backend.go:281.3,281.37 1 1
github.com/iBrick/lora-gateway-bridge/internal/backend/semtechudp/backend.go:258.17,263.12 2 0
github.com/iBrick/lora-gateway-bridge/internal/backend/semtechudp/backend.go:273.17,279.4 1 0
github.com/iBrick/lora-gateway-bridge/internal/backend/semtechudp/backend.go:286.52,290.14 3 1
github.com/iBrick/lora-gateway-bridge/internal/backend/semtechudp/backend.go:294.2,295.16 2 1
github.com/iBrick/lora-gateway-bridge/internal/backend/semtechudp/backend.go:298.2,306.12 3 1
github.com/iBrick/lora-gateway-bridge/internal/backend/semtechudp/backend.go:290.14,292.3 1 0
github.com/iBrick/lora-gateway-bridge/internal/backend/semtechudp/backend.go:295.16,297.3 1 0
github.com/iBrick/lora-gateway-bridge/internal/backend/semtechudp/backend.go:307.24,308.30 1 1
github.com/iBrick/lora-gateway-bridge/internal/backend/semtechudp/backend.go:309.24,310.30 1 1
github.com/iBrick/lora-gateway-bridge/internal/backend/semtechudp/backend.go:311.21,312.27 1 1
github.com/iBrick/lora-gateway-bridge/internal/backend/semtechudp/backend.go:313.10,314.71 1 0
github.com/iBrick/lora-gateway-bridge/internal/backend/semtechudp/backend.go:318.54,320.51 2 1
github.com/iBrick/lora-gateway-bridge/internal/backend/semtechudp/backend.go:323.2,328.16 3 1
github.com/iBrick/lora-gateway-bridge/internal/backend/semtechudp/backend.go:332.2,337.16 2 1
github.com/iBrick/lora-gateway-bridge/internal/backend/semtechudp/backend.go:341.2,345.12 2 1
github.com/iBrick/lora-gateway-bridge/internal/backend/semtechudp/backend.go:320.51,322.3 1 0
github.com/iBrick/lora-gateway-bridge/internal/backend/semtechudp/backend.go:328.16,330.3 1 0
github.com/iBrick/lora-gateway-bridge/internal/backend/semtechudp/backend.go:337.16,339.3 1 0
github.com/iBrick/lora-gateway-bridge/internal/backend/semtechudp/backend.go:348.51,350.51 2 1
github.com/iBrick/lora-gateway-bridge/internal/backend/semtechudp/backend.go:355.2,357.9 3 1
github.com/iBrick/lora-gateway-bridge/internal/backend/semtechudp/backend.go:360.2,360.40 1 1
github.com/iBrick/lora-gateway-bridge/internal/backend/semtechudp/backend.go:367.2,369.9 3 1
github.com/iBrick/lora-gateway-bridge/internal/backend/semtechudp/backend.go:372.2,372.27 1 1
github.com/iBrick/lora-gateway-bridge/internal/backend/semtechudp/backend.go:379.2,381.9 3 1
github.com/iBrick/lora-gateway-bridge/internal/backend/semtechudp/backend.go:384.2,384.50 1 1
github.com/iBrick/lora-gateway-bridge/internal/backend/semtechudp/backend.go:391.2,391.74 1 1
github.com/iBrick/lora-gateway-bridge/internal/backend/semtechudp/backend.go:396.2,396.92 1 1
github.com/iBrick/lora-gateway-bridge/internal/backend/semtechudp/backend.go:433.2,433.12 1 1
github.com/iBrick/lora-gateway-bridge/internal/backend/semtechudp/backend.go:350.51,352.3 1 0
github.com/iBrick/lora-gateway-bridge/internal/backend/semtechudp/backend.go:357.9,359.3 1 0
github.com/iBrick/lora-gateway-bridge/internal/backend/semtechudp/backend.go:360.40,362.3 1 1
github.com/iBrick/lora-gateway-bridge/internal/backend/semtechudp/backend.go:362.8,364.3 1 0
github.com/iBrick/lora-gateway-bridge/internal/backend/semtechudp/backend.go:369.9,371.3 1 0
github.com/iBrick/lora-gateway-bridge/internal/backend/semtechudp/backend.go:372.27,374.3 1 1
github.com/iBrick/lora-gateway-bridge/internal/backend/semtechudp/backend.go:374.8,376.3 1 0
github.com/iBrick/lora-gateway-bridge/internal/backend/semtechudp/backend.go:381.9,383.3 1 0
github.com/iBrick/lora-gateway-bridge/internal/backend/semtechudp/backend.go:384.50,386.3 1 1
github.com/iBrick/lora-gateway-bridge/internal/backend/semtechudp/backend.go:386.8,388.3 1 0
github.com/iBrick/lora-gateway-bridge/internal/backend/semtechudp/backend.go:391.74,393.3 1 0
github.com/iBrick/lora-gateway-bridge/internal/backend/semtechudp/backend.go:396.92,398.65 1 1
github.com/iBrick/lora-gateway-bridge/internal/backend/semtechudp/backend.go:407.3,407.37 1 1
github.com/iBrick/lora-gateway-bridge/internal/backend/semtechudp/backend.go:413.3,418.4 1 1
github.com/iBrick/lora-gateway-bridge/internal/backend/semtechudp/backend.go:398.65,402.4 1 1
github.com/iBrick/lora-gateway-bridge/internal/backend/semtechudp/backend.go:402.9,404.4 1 0
github.com/iBrick/lora-gateway-bridge/internal/backend/semtechudp/backend.go:407.37,410.4 1 1
github.com/iBrick/lora-gateway-bridge/internal/backend/semtechudp/backend.go:419.8,431.3 2 1
github.com/iBrick/lora-gateway-bridge/internal/backend/semtechudp/backend.go:436.54,438.51 2 1
github.com/iBrick/lora-gateway-bridge/internal/backend/semtechudp/backend.go:443.2,448.16 3 1
github.com/iBrick/lora-gateway-bridge/internal/backend/semtechudp/backend.go:451.2,458.16 3 1
github.com/iBrick/lora-gateway-bridge/internal/backend/semtechudp/backend.go:461.2,461.18 1 1
github.com/iBrick/lora-gateway-bridge/internal/backend/semtechudp/backend.go:478.2,479.16 2 1
github.com/iBrick/lora-gateway-bridge/internal/backend/semtechudp/backend.go:482.2,484.12 2 1
github.com/iBrick/lora-gateway-bridge/internal/backend/semtechudp/backend.go:438.51,440.3 1 0
github.com/iBrick/lora-gateway-bridge/internal/backend/semtechudp/backend.go:448.16,450.3 1 0
github.com/iBrick/lora-gateway-bridge/internal/backend/semtechudp/backend.go:458.16,460.3 1 0
github.com/iBrick/lora-gateway-bridge/internal/backend/semtechudp/backend.go:461.18,463.30 1 1
github.com/iBrick/lora-gateway-bridge/internal/backend/semtechudp/backend.go:474.3,474.38 1 1
github.com/iBrick/lora-gateway-bridge/internal/backend/semtechudp/backend.go:463.30,465.18 2 1
github.com/iBrick/lora-gateway-bridge/internal/backend/semtechudp/backend.go:465.18,467.5 1 0
github.com/iBrick/lora-gateway-bridge/internal/backend/semtechudp/backend.go:467.10,469.5 1 1
github.com/iBrick/lora-gateway-bridge/internal/backend/semtechudp/backend.go:470.9,472.4 1 0
github.com/iBrick/lora-gateway-bridge/internal/backend/semtechudp/backend.go:479.16,481.3 1 0
github.com/iBrick/lora-gateway-bridge/internal/backend/semtechudp/backend.go:487.79,489.2 1 1
github.com/iBrick/lora-gateway-bridge/internal/backend/semtechudp/backend.go:491.75,492.30 1 1
github.com/iBrick/lora-gateway-bridge/internal/backend/semtechudp/backend.go:502.2,502.12 1 1
github.com/iBrick/lora-gateway-bridge/internal/backend/semtechudp/backend.go:492.30,493.55 1 1
github.com/iBrick/lora-gateway-bridge/internal/backend/semtechudp/backend.go:493.55,495.4 1 1
github.com/iBrick/lora-gateway-bridge/internal/backend/semtechudp/backend.go:495.9,499.4 1 0
github.com/iBrick/lora-gateway-bridge/internal/backend/semtechudp/backend.go:505.38,509.16 2 1
github.com/iBrick/lora-gateway-bridge/internal/backend/semtechudp/backend.go:512.2,515.26 3 1
github.com/iBrick/lora-gateway-bridge/internal/backend/semtechudp/backend.go:509.16,511.3 1 0
github.com/iBrick/lora-gateway-bridge/internal/backend/semtechudp/metrics.go:30.52,32.2 1 1
github.com/iBrick/lora-gateway-bridge/internal/backend/semtechudp/metrics.go:34.51,36.2 1 1
github.com/iBrick/lora-gateway-bridge/internal/backend/semtechudp/metrics.go:38.42,40.2 1 1
github.com/iBrick/lora-gateway-bridge/internal/backend/semtechudp/metrics.go:42.45,44.2 1 0
github.com/iBrick/lora-gateway-bridge/internal/backend/semtechudp/pf_config.go:95.58,95.75 1 0
github.com/iBrick/lora-gateway-bridge/internal/backend/semtechudp/pf_config.go:96.58,96.85 1 0
github.com/iBrick/lora-gateway-bridge/internal/backend/semtechudp/pf_config.go:97.63,99.2 1 0
github.com/iBrick/lora-gateway-bridge/internal/backend/semtechudp/pf_config.go:100.73,103.25 2 0
github.com/iBrick/lora-gateway-bridge/internal/backend/semtechudp/pf_config.go:116.2,117.9 2 0
github.com/iBrick/lora-gateway-bridge/internal/backend/semtechudp/pf_config.go:120.2,120.76 1 0
github.com/iBrick/lora-gateway-bridge/internal/backend/semtechudp/pf_config.go:104.30,106.21 2 0
github.com/iBrick/lora-gateway-bridge/internal/backend/semtechudp/pf_config.go:109.29,111.21 2 0
github.com/iBrick/lora-gateway-bridge/internal/backend/semtechudp/pf_config.go:106.21,108.4 1 0
github.com/iBrick/lora-gateway-bridge/internal/backend/semtechudp/pf_config.go:111.21,113.4 1 0
github.com/iBrick/lora-gateway-bridge/internal/backend/semtechudp/pf_config.go:117.9,119.3 1 0
github.com/iBrick/lora-gateway-bridge/internal/backend/semtechudp/pf_config.go:126.83,134.34 4 0
github.com/iBrick/lora-gateway-bridge/internal/backend/semtechudp/pf_config.go:172.2,172.34 1 0
github.com/iBrick/lora-gateway-bridge/internal/backend/semtechudp/pf_config.go:266.2,266.16 1 0
github.com/iBrick/lora-gateway-bridge/internal/backend/semtechudp/pf_config.go:134.34,137.23 2 0
github.com/iBrick/lora-gateway-bridge/internal/backend/semtechudp/pf_config.go:150.3,152.10 3 0
github.com/iBrick/lora-gateway-bridge/internal/backend/semtechudp/pf_config.go:155.3,157.31 2 0
github.com/iBrick/lora-gateway-bridge/internal/backend/semtechudp/pf_config.go:138.31,140.22 2 0
github.com/iBrick/lora-gateway-bridge/internal/backend/semtechudp/pf_config.go:143.30,145.22 2 0
github.com/iBrick/lora-gateway-bridge/internal/backend/semtechudp/pf_config.go:140.22,142.5 1 0
github.com/iBrick/lora-gateway-bridge/internal/backend/semtechudp/pf_config.go:145.22,147.5 1 0
github.com/iBrick/lora-gateway-bridge/internal/backend/semtechudp/pf_config.go:152.10,154.4 1 0
github.com/iBrick/lora-gateway-bridge/internal/backend/semtechudp/pf_config.go:157.31,159.17 1 0
github.com/iBrick/lora-gateway-bridge/internal/backend/semtechudp/pf_config.go:165.4,165.47 1 0
github.com/iBrick/lora-gateway-bridge/internal/backend/semtechudp/pf_config.go:159.17,162.10 3 0
github.com/iBrick/lora-gateway-bridge/internal/backend/semtechudp/pf_config.go:165.47,166.10 1 0
github.com/iBrick/lora-gateway-bridge/internal/backend/semtechudp/pf_config.go:172.34,177.23 3 0
github.com/iBrick/lora-gateway-bridge/internal/backend/semtechudp/pf_config.go:190.3,193.10 4 0
github.com/iBrick/lora-gateway-bridge/internal/backend/semtechudp/pf_config.go:198.3,198.31 1 0
github.com/iBrick/lora-gateway-bridge/internal/backend/semtechudp/pf_config.go:205.3,205.44 1 0
github.com/iBrick/lora-gateway-bridge/internal/backend/semtechudp/pf_config.go:178.31,180.22 2 0
github.com/iBrick/lora-gateway-bridge/internal/backend/semtechudp/pf_config.go:183.30,185.22 2 0
github.com/iBrick/lora-gateway-bridge/internal/backend/semtechudp/pf_config.go:180.22,182.5 1 0
github.com/iBrick/lora-gateway-bridge/internal/backend/semtechudp/pf_config.go:185.22,187.5 1 0
github.com/iBrick/lora-gateway-bridge/internal/backend/semtechudp/pf_config.go:193.10,195.4 1 0
github.com/iBrick/lora-gateway-bridge/internal/backend/semtechudp/pf_config.go:198.31,199.90 1 0
github.com/iBrick/lora-gateway-bridge/internal/backend/semtechudp/pf_config.go:199.90,201.10 2 0
github.com/iBrick/lora-gateway-bridge/internal/backend/semtechudp/pf_config.go:205.44,207.22 2 0
github.com/iBrick/lora-gateway-bridge/internal/backend/semtechudp/pf_config.go:212.4,212.34 1 0
github.com/iBrick/lora-gateway-bridge/internal/backend/semtechudp/pf_config.go:216.4,223.5 1 0
github.com/iBrick/lora-gateway-bridge/internal/backend/semtechudp/pf_config.go:207.22,209.5 1 0
github.com/iBrick/lora-gateway-bridge/internal/backend/semtechudp/pf_config.go:212.34,214.5 1 0
github.com/iBrick/lora-gateway-bridge/internal/backend/semtechudp/pf_config.go:225.9,225.52 1 0
github.com/iBrick/lora-gateway-bridge/internal/backend/semtechudp/pf_config.go:225.52,227.22 2 0
github.com/iBrick/lora-gateway-bridge/internal/backend/semtechudp/pf_config.go:231.4,231.42 1 0
github.com/iBrick/lora-gateway-bridge/internal/backend/semtechudp/pf_config.go:227.22,229.5 1 0
github.com/iBrick/lora-gateway-bridge/internal/backend/semtechudp/pf_config.go:231.42,233.39 1 0
github.com/iBrick/lora-gateway-bridge/internal/backend/semtechudp/pf_config.go:237.5,244.6 1 0
github.com/iBrick/lora-gateway-bridge/internal/backend/semtechudp/pf_config.go:233.39,235.6 1 0
github.com/iBrick/lora-gateway-bridge/internal/backend/semtechudp/pf_config.go:245.10,247.39 1 0
github.com/iBrick/lora-gateway-bridge/internal/backend/semtechudp/pf_config.go:251.5,258.21 2 0
github.com/iBrick/lora-gateway-bridge/internal/backend/semtechudp/pf_config.go:247.39,249.6 1 0
github.com/iBrick/lora-gateway-bridge/internal/backend/semtechudp/pf_config.go:261.9,263.4 1 0
github.com/iBrick/lora-gateway-bridge/internal/backend/semtechudp/pf_config.go:269.58,272.16 3 0
github.com/iBrick/lora-gateway-bridge/internal/backend/semtechudp/pf_config.go:277.2,279.47 2 0
github.com/iBrick/lora-gateway-bridge/internal/backend/semtechudp/pf_config.go:283.2,283.17 1 0
github.com/iBrick/lora-gateway-bridge/internal/backend/semtechudp/pf_config.go:272.16,274.3 1 0
github.com/iBrick/lora-gateway-bridge/internal/backend/semtechudp/pf_config.go:279.47,281.3 1 0
github.com/iBrick/lora-gateway-bridge/internal/backend/semtechudp/pf_config.go:292.94,294.37 1 0
github.com/iBrick/lora-gateway-bridge/internal/backend/semtechudp/pf_config.go:305.2,305.46 1 0
github.com/iBrick/lora-gateway-bridge/internal/backend/semtechudp/pf_config.go:317.2,318.9 2 0
github.com/iBrick/lora-gateway-bridge/internal/backend/semtechudp/pf_config.go:321.2,329.9 7 0
github.com/iBrick/lora-gateway-bridge/internal/backend/semtechudp/pf_config.go:332.2,341.12 7 0
github.com/iBrick/lora-gateway-bridge/internal/backend/semtechudp/pf_config.go:294.37,297.10 3 0
github.com/iBrick/lora-gateway-bridge/internal/backend/semtechudp/pf_config.go:300.3,301.25 2 0
github.com/iBrick/lora-gateway-bridge/internal/backend/semtechudp/pf_config.go:297.10,299.4 1 0
github.com/iBrick/lora-gateway-bridge/internal/backend/semtechudp/pf_config.go:305.46,308.10 3 0
github.com/iBrick/lora-gateway-bridge/internal/backend/semtechudp/pf_config.go:311.3,313.23 3 0
github.com/iBrick/lora-gateway-bridge/internal/backend/semtechudp/pf_config.go:308.10,310.4 1 0
github.com/iBrick/lora-gateway-bridge/internal/backend/semtechudp/pf_config.go:318.9,320.3 1 0
github.com/iBrick/lora-gateway-bridge/internal/backend/semtechudp/pf_config.go:329.9,331.3 1 0
github.com/iBrick/lora-gateway-bridge/internal/backend/semtechudp/pf_config.go:344.40,346.21 2 0
github.com/iBrick/lora-gateway-bridge/internal/backend/semtechudp/pf_config.go:350.2,351.20 2 0
github.com/iBrick/lora-gateway-bridge/internal/backend/semtechudp/pf_config.go:355.2,356.16 2 0
github.com/iBrick/lora-gateway-bridge/internal/backend/semtechudp/pf_config.go:360.2,360.12 1 0
github.com/iBrick/lora-gateway-bridge/internal/backend/semtechudp/pf_config.go:346.21,348.3 1 0
github.com/iBrick/lora-gateway-bridge/internal/backend/semtechudp/pf_config.go:351.20,353.3 1 0
github.com/iBrick/lora-gateway-bridge/internal/backend/semtechudp/pf_config.go:356.16,358.3 1 0
github.com/iBrick/lora-gateway-bridge/internal/backend/semtechudp/registry.go:38.60,43.9 4 1
github.com/iBrick/lora-gateway-bridge/internal/backend/semtechudp/registry.go:47.2,47.16 1 1
github.com/iBrick/lora-gateway-bridge/internal/backend/semtechudp/registry.go:43.9,45.3 1 1
github.com/iBrick/lora-gateway-bridge/internal/backend/semtechudp/registry.go:54.67,59.9 4 1
github.com/iBrick/lora-gateway-bridge/internal/backend/semtechudp/registry.go:63.2,65.12 3 1
github.com/iBrick/lora-gateway-bridge/internal/backend/semtechudp/registry.go:59.9,61.3 1 1
github.com/iBrick/lora-gateway-bridge/internal/backend/semtechudp/registry.go:69.36,73.36 3 1
github.com/iBrick/lora-gateway-bridge/internal/backend/semtechudp/registry.go:80.2,80.12 1 1
github.com/iBrick/lora-gateway-bridge/internal/backend/semtechudp/registry.go:73.36,74.84 1 0
github.com/iBrick/lora-gateway-bridge/internal/backend/semtechudp/registry.go:74.84,78.4 3 0
github.com/iBrick/lora-gateway-bridge/internal/backend/semtechudp/packets/push_ack.go:16.56,22.2 5 1
github.com/iBrick/lora-gateway-bridge/internal/backend/semtechudp/packets/push_ack.go:25.60,26.20 1 1
github.com/iBrick/lora-gateway-bridge/internal/backend/semtechudp/packets/push_ack.go:29.2,29.30 1 1
github.com/iBrick/lora-gateway-bridge/internal/backend/semtechudp/packets/push_ack.go:33.2,33.33 1 1
github.com/iBrick/lora-gateway-bridge/internal/backend/semtechudp/packets/push_ack.go:36.2,38.12 3 1
github.com/iBrick/lora-gateway-bridge/internal/backend/semtechudp/packets/push_ack.go:26.20,28.3 1 0
github.com/iBrick/lora-gateway-bridge/internal/backend/semtechudp/packets/push_ack.go:29.30,31.3 1 0
github.com/iBrick/lora-gateway-bridge/internal/backend/semtechudp/packets/push_ack.go:33.33,35.3 1 0
github.com/iBrick/lora-gateway-bridge/internal/backend/semtechudp/packets/push_data.go:33.57,35.16 2 1
github.com/iBrick/lora-gateway-bridge/internal/backend/semtechudp/packets/push_data.go:39.2,45.17 7 1
github.com/iBrick/lora-gateway-bridge/internal/backend/semtechudp/packets/push_data.go:35.16,37.3 1 0
github.com/iBrick/lora-gateway-bridge/internal/backend/semtechudp/packets/push_data.go:49.69,50.27 1 1
github.com/iBrick/lora-gateway-bridge/internal/backend/semtechudp/packets/push_data.go:54.2,64.16 3 1
github.com/iBrick/lora-gateway-bridge/internal/backend/semtechudp/packets/push_data.go:67.2,70.86 2 1
github.com/iBrick/lora-gateway-bridge/internal/backend/semtechudp/packets/push_data.go:80.2,81.16 2 1
github.com/iBrick/lora-gateway-bridge/internal/backend/semtechudp/packets/push_data.go:84.2,86.20 2 1
github.com/iBrick/lora-gateway-bridge/internal/backend/semtechudp/packets/push_data.go:50.27,52.3 1 1
github.com/iBrick/lora-gateway-bridge/internal/backend/semtechudp/packets/push_data.go:64.16,66.3 1 0
github.com/iBrick/lora-gateway-bridge/internal/backend/semtechudp/packets/push_data.go:70.86,77.3 1 1
github.com/iBrick/lora-gateway-bridge/internal/backend/semtechudp/packets/push_data.go:81.16,83.3 1 0
github.com/iBrick/lora-gateway-bridge/internal/backend/semtechudp/packets/push_data.go:90.107,93.32 2 1
github.com/iBrick/lora-gateway-bridge/internal/backend/semtechudp/packets/push_data.go:133.2,133.20 1 1
github.com/iBrick/lora-gateway-bridge/internal/backend/semtechudp/packets/push_data.go:93.32,95.51 1 1
github.com/iBrick/lora-gateway-bridge/internal/backend/semtechudp/packets/push_data.go:99.3,99.39 1 1
github.com/iBrick/lora-gateway-bridge/internal/backend/semtechudp/packets/push_data.go:95.51,96.12 1 1
github.com/iBrick/lora-gateway-bridge/internal/backend/semtechudp/packets/push_data.go:99.39,101.18 2 1
github.com/iBrick/lora-gateway-bridge/internal/backend/semtechudp/packets/push_data.go:106.4,107.18 2 1
github.com/iBrick/lora-gateway-bridge/internal/backend/semtechudp/packets/push_data.go:110.4,112.34 2 1
github.com/iBrick/lora-gateway-bridge/internal/backend/semtechudp/packets/push_data.go:101.18,103.5 1 0
github.com/iBrick/lora-gateway-bridge/internal/backend/semtechudp/packets/push_data.go:107.18,109.5 1 0
github.com/iBrick/lora-gateway-bridge/internal/backend/semtechudp/packets/push_data.go:113.9,114.42 1 1
github.com/iBrick/lora-gateway-bridge/internal/backend/semtechudp/packets/push_data.go:114.42,116.19 2 1
github.com/iBrick/lora-gateway-bridge/internal/backend/semtechudp/packets/push_data.go:119.5,123.19 3 1
github.com/iBrick/lora-gateway-bridge/internal/backend/semtechudp/packets/push_data.go:126.5,128.35 2 1
github.com/iBrick/lora-gateway-bridge/internal/backend/semtechudp/packets/push_data.go:116.19,118.6 1 0
github.com/iBrick/lora-gateway-bridge/internal/backend/semtechudp/packets/push_data.go:123.19,125.6 1 0
github.com/iBrick/lora-gateway-bridge/internal/backend/semtechudp/packets/push_data.go:136.84,142.26 5 1
github.com/iBrick/lora-gateway-bridge/internal/backend/semtechudp/packets/push_data.go:152.2,152.14 1 1
github.com/iBrick/lora-gateway-bridge/internal/backend/semtechudp/packets/push_data.go:142.26,150.3 2 1
github.com/iBrick/lora-gateway-bridge/internal/backend/semtechudp/packets/push_data.go:155.95,172.19 2 1
github.com/iBrick/lora-gateway-bridge/internal/backend/semtechudp/packets/push_data.go:182.2,185.57 2 1
github.com/iBrick/lora-gateway-bridge/internal/backend/semtechudp/packets/push_data.go:197.2,197.22 1 1
github.com/iBrick/lora-gateway-bridge/internal/backend/semtechudp/packets/push_data.go:203.2,203.26 1 1
github.com/iBrick/lora-gateway-bridge/internal/backend/semtechudp/packets/push_data.go:233.2,233.24 1 1
github.com/iBrick/lora-gateway-bridge/internal/backend/semtechudp/packets/push_data.go:243.2,243.19 1 1
github.com/iBrick/lora-gateway-bridge/internal/backend/semtechudp/packets/push_data.go:173.9,174.47 1 1
github.com/iBrick/lora-gateway-bridge/internal/backend/semtechudp/packets/push_data.go:175.10,176.48 1 1
github.com/iBrick/lora-gateway-bridge/internal/backend/semtechudp/packets/push_data.go:177.10,178.47 1 0
github.com/iBrick/lora-gateway-bridge/internal/backend/semtechudp/packets/push_data.go:185.57,187.17 2 1
github.com/iBrick/lora-gateway-bridge/internal/backend/semtechudp/packets/push_data.go:190.3,190.25 1 1
github.com/iBrick/lora-gateway-bridge/internal/backend/semtechudp/packets/push_data.go:187.17,189.4 1 0
github.com/iBrick/lora-gateway-bridge/internal/backend/semtechudp/packets/push_data.go:191.8,191.27 1 0
github.com/iBrick/lora-gateway-bridge/internal/backend/semtechudp/packets/push_data.go:191.27,194.3 2 0
github.com/iBrick/lora-gateway-bridge/internal/backend/semtechudp/packets/push_data.go:197.22,200.3 2 1
github.com/iBrick/lora-gateway-bridge/internal/backend/semtechudp/packets/push_data.go:203.26,208.22 3 1
github.com/iBrick/lora-gateway-bridge/internal/backend/semtechudp/packets/push_data.go:213.3,214.17 2 1
github.com/iBrick/lora-gateway-bridge/internal/backend/semtechudp/packets/push_data.go:218.3,219.17 2 1
github.com/iBrick/lora-gateway-bridge/internal/backend/semtechudp/packets/push_data.go:223.3,229.4 1 1
github.com/iBrick/lora-gateway-bridge/internal/backend/semtechudp/packets/push_data.go:208.22,210.4 1 0
github.com/iBrick/lora-gateway-bridge/internal/backend/semtechudp/packets/push_data.go:214.17,216.4 1 0
github.com/iBrick/lora-gateway-bridge/internal/backend/semtechudp/packets/push_data.go:219.17,221.4 1 0
github.com/iBrick/lora-gateway-bridge/internal/backend/semtechudp/packets/push_data.go:233.24,241.3 2 0
github.com/iBrick/lora-gateway-bridge/internal/backend/semtechudp/packets/push_data.go:247.61,248.20 1 1
github.com/iBrick/lora-gateway-bridge/internal/backend/semtechudp/packets/push_data.go:251.2,251.31 1 1
github.com/iBrick/lora-gateway-bridge/internal/backend/semtechudp/packets/push_data.go:255.2,255.33 1 1
github.com/iBrick/lora-gateway-bridge/internal/backend/semtechudp/packets/push_data.go:259.2,261.25 3 1
github.com/iBrick/lora-gateway-bridge/internal/backend/semtechudp/packets/push_data.go:265.2,265.46 1 1
github.com/iBrick/lora-gateway-bridge/internal/backend/semtechudp/packets/push_data.go:248.20,250.3 1 0
github.com/iBrick/lora-gateway-bridge/internal/backend/semtechudp/packets/push_data.go:251.31,253.3 1 0
github.com/iBrick/lora-gateway-bridge/internal/backend/semtechudp/packets/push_data.go:255.33,257.3 1 0
github.com/iBrick/lora-gateway-bridge/internal/backend/semtechudp/packets/push_data.go:261.25,263.3 1 1
github.com/iBrick/lora-gateway-bridge/internal/backend/semtechudp/packets/tx_ack.go:22.54,24.22 2 1
github.com/iBrick/lora-gateway-bridge/internal/backend/semtechudp/packets/tx_ack.go:32.2,38.17 7 1
github.com/iBrick/lora-gateway-bridge/internal/backend/semtechudp/packets/tx_ack.go:24.22,27.17 3 1
github.com/iBrick/lora-gateway-bridge/internal/backend/semtechudp/packets/tx_ack.go:27.17,29.4 1 0
github.com/iBrick/lora-gateway-bridge/internal/backend/semtechudp/packets/tx_ack.go:42.58,43.20 1 1
github.com/iBrick/lora-gateway-bridge/internal/backend/semtechudp/packets/tx_ack.go:46.2,46.28 1 1
github.com/iBrick/lora-gateway-bridge/internal/backend/semtechudp/packets/tx_ack.go:49.2,49.33 1 1
github.com/iBrick/lora-gateway-bridge/internal/backend/semtechudp/packets/tx_ack.go:52.2,54.25 3 1
github.com/iBrick/lora-gateway-bridge/internal/backend/semtechudp/packets/tx_ack.go:57.2,57.20 1 1
github.com/iBrick/lora-gateway-bridge/internal/backend/semtechudp/packets/tx_ack.go:61.2,61.12 1 1
github.com/iBrick/lora-gateway-bridge/internal/backend/semtechudp/packets/tx_ack.go:43.20,45.3 1 0
github.com/iBrick/lora-gateway-bridge/internal/backend/semtechudp/packets/tx_ack.go:46.28,48.3 1 0
github.com/iBrick/lora-gateway-bridge/internal/backend/semtechudp/packets/tx_ack.go:49.33,51.3 1 0
github.com/iBrick/lora-gateway-bridge/internal/backend/semtechudp/packets/tx_ack.go:54.25,56.3 1 1
github.com/iBrick/lora-gateway-bridge/internal/backend/semtechudp/packets/tx_ack.go:57.20,60.3 2 1
github.com/iBrick/lora-gateway-bridge/internal/backend/semtechudp/packets/packets.go:37.53,38.19 1 1
github.com/iBrick/lora-gateway-bridge/internal/backend/semtechudp/packets/packets.go:42.2,42.33 1 1
github.com/iBrick/lora-gateway-bridge/internal/backend/semtechudp/packets/packets.go:46.2,46.33 1 1
github.com/iBrick/lora-gateway-bridge/internal/backend/semtechudp/packets/packets.go:38.19,40.3 1 1
github.com/iBrick/lora-gateway-bridge/internal/backend/semtechudp/packets/packets.go:42.33,44.3 1 1
github.com/iBrick/lora-gateway-bridge/internal/backend/semtechudp/packets/packets.go:49.38,50.52 1 1
github.com/iBrick/lora-gateway-bridge/internal/backend/semtechudp/packets/packets.go:53.2,53.14 1 1
github.com/iBrick/lora-gateway-bridge/internal/backend/semtechudp/packets/packets.go:50.52,52.3 1 1
github.com/iBrick/lora-gateway-bridge/internal/backend/semtechudp/packets/packets.go:61.53,63.2 1 0
github.com/iBrick/lora-gateway-bridge/internal/backend/semtechudp/packets/packets.go:66.57,68.16 2 0
github.com/iBrick/lora-gateway-bridge/internal/backend/semtechudp/packets/packets.go:71.2,72.12 2 0
github.com/iBrick/lora-gateway-bridge/internal/backend/semtechudp/packets/packets.go:68.16,70.3 1 0
github.com/iBrick/lora-gateway-bridge/internal/backend/semtechudp/packets/packets.go:80.52,82.17 2 1
github.com/iBrick/lora-gateway-bridge/internal/backend/semtechudp/packets/packets.go:85.2,85.67 1 1
github.com/iBrick/lora-gateway-bridge/internal/backend/semtechudp/packets/packets.go:82.17,84.3 1 1
github.com/iBrick/lora-gateway-bridge/internal/backend/semtechudp/packets/packets.go:89.56,90.26 1 1
github.com/iBrick/lora-gateway-bridge/internal/backend/semtechudp/packets/packets.go:94.2,95.16 2 1
github.com/iBrick/lora-gateway-bridge/internal/backend/semtechudp/packets/packets.go:98.2,99.12 2 1
github.com/iBrick/lora-gateway-bridge/internal/backend/semtechudp/packets/packets.go:90.26,92.3 1 1
github.com/iBrick/lora-gateway-bridge/internal/backend/semtechudp/packets/packets.go:95.16,97.3 1 0
github.com/iBrick/lora-gateway-bridge/internal/backend/semtechudp/packets/packets.go:110.45,111.18 1 1
github.com/iBrick/lora-gateway-bridge/internal/backend/semtechudp/packets/packets.go:114.2,114.59 1 1
github.com/iBrick/lora-gateway-bridge/internal/backend/semtechudp/packets/packets.go:111.18,113.3 1 1
github.com/iBrick/lora-gateway-bridge/internal/backend/semtechudp/packets/packets.go:118.49,120.16 2 1
github.com/iBrick/lora-gateway-bridge/internal/backend/semtechudp/packets/packets.go:124.2,125.12 2 1
github.com/iBrick/lora-gateway-bridge/internal/backend/semtechudp/packets/packets.go:120.16,123.3 2 1
github.com/iBrick/lora-gateway-bridge/internal/backend/semtechudp/packets/packettype_string.go:11.37,12.47 1 0
github.com/iBrick/lora-gateway-bridge/internal/backend/semtechudp/packets/packettype_string.go:15.2,15.70 1 0
github.com/iBrick/lora-gateway-bridge/internal/backend/semtechudp/packets/packettype_string.go:12.47,14.3 1 0
github.com/iBrick/lora-gateway-bridge/internal/backend/semtechudp/packets/pull_ack.go:16.56,22.2 5 1
github.com/iBrick/lora-gateway-bridge/internal/backend/semtechudp/packets/pull_ack.go:25.60,26.20 1 1
github.com/iBrick/lora-gateway-bridge/internal/backend/semtechudp/packets/pull_ack.go:29.2,29.30 1 1
github.com/iBrick/lora-gateway-bridge/internal/backend/semtechudp/packets/pull_ack.go:32.2,32.33 1 1
github.com/iBrick/lora-gateway-bridge/internal/backend/semtechudp/packets/pull_ack.go:35.2,37.12 3 1
github.com/iBrick/lora-gateway-bridge/internal/backend/semtechudp/packets/pull_ack.go:26.20,28.3 1 0
github.com/iBrick/lora-gateway-bridge/internal/backend/semtechudp/packets/pull_ack.go:29.30,31.3 1 0
github.com/iBrick/lora-gateway-bridge/internal/backend/semtechudp/packets/pull_ack.go:32.33,34.3 1 0
github.com/iBrick/lora-gateway-bridge/internal/backend/semtechudp/packets/pull_data.go:16.57,23.2 6 1
github.com/iBrick/lora-gateway-bridge/internal/backend/semtechudp/packets/pull_data.go:26.61,27.21 1 1
github.com/iBrick/lora-gateway-bridge/internal/backend/semtechudp/packets/pull_data.go:30.2,30.31 1 1
github.com/iBrick/lora-gateway-bridge/internal/backend/semtechudp/packets/pull_data.go:34.2,34.33 1 1
github.com/iBrick/lora-gateway-bridge/internal/backend/semtechudp/packets/pull_data.go:37.2,39.25 3 1
github.com/iBrick/lora-gateway-bridge/internal/backend/semtechudp/packets/pull_data.go:42.2,42.12 1 1
github.com/iBrick/lora-gateway-bridge/internal/backend/semtechudp/packets/pull_data.go:27.21,29.3 1 0
github.com/iBrick/lora-gateway-bridge/internal/backend/semtechudp/packets/pull_data.go:30.31,32.3 1 0
github.com/iBrick/lora-gateway-bridge/internal/backend/semtechudp/packets/pull_data.go:34.33,36.3 1 0
github.com/iBrick/lora-gateway-bridge/internal/backend/semtechudp/packets/pull_data.go:39.25,41.3 1 1
github.com/iBrick/lora-gateway-bridge/internal/backend/semtechudp/packets/pull_resp.go:25.57,27.16 2 1
github.com/iBrick/lora-gateway-bridge/internal/backend/semtechudp/packets/pull_resp.go:30.2,33.43 3 1
github.com/iBrick/lora-gateway-bridge/internal/backend/semtechudp/packets/pull_resp.go:37.2,39.17 3 1
github.com/iBrick/lora-gateway-bridge/internal/backend/semtechudp/packets/pull_resp.go:27.16,29.3 1 0
github.com/iBrick/lora-gateway-bridge/internal/backend/semtechudp/packets/pull_resp.go:33.43,36.3 1 1
github.com/iBrick/lora-gateway-bridge/internal/backend/semtechudp/packets/pull_resp.go:43.61,44.19 1 1
github.com/iBrick/lora-gateway-bridge/internal/backend/semtechudp/packets/pull_resp.go:47.2,47.31 1 1
github.com/iBrick/lora-gateway-bridge/internal/backend/semtechudp/packets/pull_resp.go:50.2,50.33 1 1
github.com/iBrick/lora-gateway-bridge/internal/backend/semtechudp/packets/pull_resp.go:53.2,55.45 3 1
github.com/iBrick/lora-gateway-bridge/internal/backend/semtechudp/packets/pull_resp.go:44.19,46.3 1 0
github.com/iBrick/lora-gateway-bridge/internal/backend/semtechudp/packets/pull_resp.go:47.31,49.3 1 0
github.com/iBrick/lora-gateway-bridge/internal/backend/semtechudp/packets/pull_resp.go:50.33,52.3 1 0
github.com/iBrick/lora-gateway-bridge/internal/backend/semtechudp/packets/pull_resp.go:85.123,86.32 1 1
github.com/iBrick/lora-gateway-bridge/internal/backend/semtechudp/packets/pull_resp.go:90.2,109.54 4 1
github.com/iBrick/lora-gateway-bridge/internal/backend/semtechudp/packets/pull_resp.go:119.2,119.53 1 1
github.com/iBrick/lora-gateway-bridge/internal/backend/semtechudp/packets/pull_resp.go:133.2,133.28 1 1
github.com/iBrick/lora-gateway-bridge/internal/backend/semtechudp/packets/pull_resp.go:173.2,173.20 1 1
github.com/iBrick/lora-gateway-bridge/internal/backend/semtechudp/packets/pull_resp.go:86.32,88.3 1 0
github.com/iBrick/lora-gateway-bridge/internal/backend/semtechudp/packets/pull_resp.go:109.54,111.21 2 1
github.com/iBrick/lora-gateway-bridge/internal/backend/semtechudp/packets/pull_resp.go:114.3,116.59 3 1
github.com/iBrick/lora-gateway-bridge/internal/backend/semtechudp/packets/pull_resp.go:111.21,113.4 1 0
github.com/iBrick/lora-gateway-bridge/internal/backend/semtechudp/packets/pull_resp.go:119.53,121.21 2 1
github.com/iBrick/lora-gateway-bridge/internal/backend/semtechudp/packets/pull_resp.go:124.3,128.36 3 1
github.com/iBrick/lora-gateway-bridge/internal/backend/semtechudp/packets/pull_resp.go:121.21,123.4 1 0
github.com/iBrick/lora-gateway-bridge/internal/backend/semtechudp/packets/pull_resp.go:128.36,130.4 1 0
github.com/iBrick/lora-gateway-bridge/internal/backend/semtechudp/packets/pull_resp.go:134.37,135.34 1 1
github.com/iBrick/lora-gateway-bridge/internal/backend/semtechudp/packets/pull_resp.go:137.31,139.24 2 1
github.com/iBrick/lora-gateway-bridge/internal/backend/semtechudp/packets/pull_resp.go:143.3,144.17 2 1
github.com/iBrick/lora-gateway-bridge/internal/backend/semtechudp/packets/pull_resp.go:148.3,148.35 1 1
github.com/iBrick/lora-gateway-bridge/internal/backend/semtechudp/packets/pull_resp.go:151.3,153.40 3 1
github.com/iBrick/lora-gateway-bridge/internal/backend/semtechudp/packets/pull_resp.go:155.35,157.24 2 1
github.com/iBrick/lora-gateway-bridge/internal/backend/semtechudp/packets/pull_resp.go:161.3,162.17 2 1
github.com/iBrick/lora-gateway-bridge/internal/backend/semtechudp/packets/pull_resp.go:166.3,167.36 2 1
github.com/iBrick/lora-gateway-bridge/internal/backend/semtechudp/packets/pull_resp.go:169.10,170.82 1 0
github.com/iBrick/lora-gateway-bridge/internal/backend/semtechudp/packets/pull_resp.go:139.24,141.4 1 0
github.com/iBrick/lora-gateway-bridge/internal/backend/semtechudp/packets/pull_resp.go:144.17,146.4 1 0
github.com/iBrick/lora-gateway-bridge/internal/backend/semtechudp/packets/pull_resp.go:148.35,150.4 1 0
github.com/iBrick/lora-gateway-bridge/internal/backend/semtechudp/packets/pull_resp.go:157.24,159.4 1 0
github.com/iBrick/lora-gateway-bridge/internal/backend/semtechudp/packets/pull_resp.go:162.17,164.4 1 0
[...]
github.com/iBrick/lora-gateway-bridge/internal/filters/filters.go:132.9,134.3 1 0
github.com/iBrick/lora-gateway-bridge/internal/filters/filters.go:139.53,141.9 2 1
github.com/iBrick/lora-gateway-bridge/internal/filters/filters.go:145.2,145.39 1 1
github.com/iBrick/lora-gateway-bridge/internal/filters/filters.go:141.9,143.3 1 0
github.com/iBrick/lora-gateway-bridge/internal/filters/filters.go:148.55,149.36 1 1
github.com/iBrick/lora-gateway-bridge/internal/filters/filters.go:150.43,151.35 1 1
github.com/iBrick/lora-gateway-bridge/internal/filters/filters.go:152.42,153.39 1 1
github.com/iBrick/lora-gateway-bridge/internal/filters/filters.go:154.10,155.14 1 0
github.com/iBrick/lora-gateway-bridge/internal/integration/mqtt/auth/auth.go:26.78,27.57 1 0
github.com/iBrick/lora-gateway-bridge/internal/integration/mqtt/auth/auth.go:31.2,33.18 2 0
github.com/iBrick/lora-gateway-bridge/internal/integration/mqtt/auth/auth.go:44.2,44.41 1 0
github.com/iBrick/lora-gateway-bridge/internal/integration/mqtt/auth/auth.go:52.2,52.23 1 0
github.com/iBrick/lora-gateway-bridge/internal/integration/mqtt/auth/auth.go:27.57,29.3 1 0
github.com/iBrick/lora-gateway-bridge/internal/integration/mqtt/auth/auth.go:33.18,35.17 2 0
github.com/iBrick/lora-gateway-bridge/internal/integration/mqtt/auth/auth.go:38.3,41.31 3 0
github.com/iBrick/lora-gateway-bridge/internal/integration/mqtt/auth/auth.go:35.17,37.4 1 0
github.com/iBrick/lora-gateway-bridge/internal/integration/mqtt/auth/auth.go:44.41,46.17 2 0
github.com/iBrick/lora-gateway-bridge/internal/integration/mqtt/auth/auth.go:49.3,49.49 1 0
github.com/iBrick/lora-gateway-bridge/internal/integration/mqtt/auth/auth.go:46.17,48.4 1 0
github.com/iBrick/lora-gateway-bridge/internal/integration/mqtt/auth/azure_iot_hub.go:68.76,75.67 5 0
github.com/iBrick/lora-gateway-bridge/internal/integration/mqtt/auth/azure_iot_hub.go:78.2,82.45 2 0
github.com/iBrick/lora-gateway-bridge/internal/integration/mqtt/auth/azure_iot_hub.go:86.2,86.29 1 0
github.com/iBrick/lora-gateway-bridge/internal/integration/mqtt/auth/azure_iot_hub.go:114.2,114.24 1 0
github.com/iBrick/lora-gateway-bridge/internal/integration/mqtt/auth/azure_iot_hub.go:123.2,128.19 5 0
github.com/iBrick/lora-gateway-bridge/internal/integration/mqtt/auth/azure_iot_hub.go:75.67,77.3 1 0
github.com/iBrick/lora-gateway-bridge/internal/integration/mqtt/auth/azure_iot_hub.go:82.45,84.3 1 0
github.com/iBrick/lora-gateway-bridge/internal/integration/mqtt/auth/azure_iot_hub.go:86.29,87.40 1 0
github.com/iBrick/lora-gateway-bridge/internal/integration/mqtt/auth/azure_iot_hub.go:105.3,106.17 2 0
github.com/iBrick/lora-gateway-bridge/internal/integration/mqtt/auth/azure_iot_hub.go:110.3,111.52 2 0
github.com/iBrick/lora-gateway-bridge/internal/integration/mqtt/auth/azure_iot_hub.go:87.40,89.18 2 0
github.com/iBrick/lora-gateway-bridge/internal/integration/mqtt/auth/azure_iot_hub.go:93.4,93.28 1 0
github.com/iBrick/lora-gateway-bridge/internal/integration/mqtt/auth/azure_iot_hub.go:89.18,91.5 1 0
github.com/iBrick/lora-gateway-bridge/internal/integration/mqtt/auth/azure_iot_hub.go:93.28,94.14 1 0
github.com/iBrick/lora-gateway-bridge/internal/integration/mqtt/auth/azure_iot_hub.go:95.21,96.23 1 0
github.com/iBrick/lora-gateway-bridge/internal/integration/mqtt/auth/azure_iot_hub.go:97.21,98.23 1 0
github.com/iBrick/lora-gateway-bridge/internal/integration/mqtt/auth/azure_iot_hub.go:99.28,100.24 1 0
github.com/iBrick/lora-gateway-bridge/internal/integration/mqtt/auth/azure_iot_hub.go:106.17,108.4 1 0
github.com/iBrick/lora-gateway-bridge/internal/integration/mqtt/auth/azure_iot_hub.go:114.24,116.17 2 0
github.com/iBrick/lora-gateway-bridge/internal/integration/mqtt/auth/azure_iot_hub.go:120.3,120.49 1 0
github.com/iBrick/lora-gateway-bridge/internal/integration/mqtt/auth/azure_iot_hub.go:116.17,118.4 1 0
github.com/iBrick/lora-gateway-bridge/internal/integration/mqtt/auth/azure_iot_hub.go:132.74,140.2 6 0
github.com/iBrick/lora-gateway-bridge/internal/integration/mqtt/auth/azure_iot_hub.go:143.76,144.37 1 0
github.com/iBrick/lora-gateway-bridge/internal/integration/mqtt/auth/azure_iot_hub.go:157.2,157.12 1 0
github.com/iBrick/lora-gateway-bridge/internal/integration/mqtt/auth/azure_iot_hub.go:144.37,150.17 3 0
github.com/iBrick/lora-gateway-bridge/internal/integration/mqtt/auth/azure_iot_hub.go:154.3,154.26 1 0
github.com/iBrick/lora-gateway-bridge/internal/integration/mqtt/auth/azure_iot_hub.go:150.17,152.4 1 0
github.com/iBrick/lora-gateway-bridge/internal/integration/mqtt/auth/azure_iot_hub.go:162.68,164.2 1 0
github.com/iBrick/lora-gateway-bridge/internal/integration/mqtt/auth/azure_iot_hub.go:166.93,184.2 8 0
github.com/iBrick/lora-gateway-bridge/internal/integration/mqtt/auth/azure_iot_hub.go:186.67,189.29 3 1
github.com/iBrick/lora-gateway-bridge/internal/integration/mqtt/auth/azure_iot_hub.go:198.2,198.17 1 1
github.com/iBrick/lora-gateway-bridge/internal/integration/mqtt/auth/azure_iot_hub.go:189.29,191.19 2 1
github.com/iBrick/lora-gateway-bridge/internal/integration/mqtt/auth/azure_iot_hub.go:195.3,195.21 1 1
github.com/iBrick/lora-gateway-bridge/internal/integration/mqtt/auth/azure_iot_hub.go:191.19,193.4 1 1
github.com/iBrick/lora-gateway-bridge/internal/integration/mqtt/auth/gcp_cloud_iot_core.go:27.83,29.16 2 0
github.com/iBrick/lora-gateway-bridge/internal/integration/mqtt/auth/gcp_cloud_iot_core.go:33.2,34.16 2 0
github.com/iBrick/lora-gateway-bridge/internal/integration/mqtt/auth/gcp_cloud_iot_core.go:38.2,52.8 2 0
github.com/iBrick/lora-gateway-bridge/internal/integration/mqtt/auth/gcp_cloud_iot_core.go:29.16,31.3 1 0
github.com/iBrick/lora-gateway-bridge/internal/integration/mqtt/auth/gcp_cloud_iot_core.go:34.16,36.3 1 0
github.com/iBrick/lora-gateway-bridge/internal/integration/mqtt/auth/gcp_cloud_iot_core.go:56.78,60.2 3 0
github.com/iBrick/lora-gateway-bridge/internal/integration/mqtt/auth/gcp_cloud_iot_core.go:63.80,71.16 3 0
github.com/iBrick/lora-gateway-bridge/internal/integration/mqtt/auth/gcp_cloud_iot_core.go:75.2,78.12 3 0
github.com/iBrick/lora-gateway-bridge/internal/integration/mqtt/auth/gcp_cloud_iot_core.go:71.16,73.3 1 0
github.com/iBrick/lora-gateway-bridge/internal/integration/mqtt/auth/gcp_cloud_iot_core.go:83.72,85.2 1 0
github.com/iBrick/lora-gateway-bridge/internal/integration/mqtt/auth/generic.go:25.75,31.16 2 0
github.com/iBrick/lora-gateway-bridge/internal/integration/mqtt/auth/generic.go:35.2,42.8 1 0
github.com/iBrick/lora-gateway-bridge/internal/integration/mqtt/auth/generic.go:31.16,33.3 1 0
github.com/iBrick/lora-gateway-bridge/internal/integration/mqtt/auth/generic.go:46.70,47.35 1 0
github.com/iBrick/lora-gateway-bridge/internal/integration/mqtt/auth/generic.go:50.2,55.24 5 0
github.com/iBrick/lora-gateway-bridge/internal/integration/mqtt/auth/generic.go:59.2,59.12 1 0
github.com/iBrick/lora-gateway-bridge/internal/integration/mqtt/auth/generic.go:47.35,49.3 1 0
github.com/iBrick/lora-gateway-bridge/internal/integration/mqtt/auth/generic.go:55.24,57.3 1 0
github.com/iBrick/lora-gateway-bridge/internal/integration/mqtt/auth/generic.go:63.72,65.2 1 0
github.com/iBrick/lora-gateway-bridge/internal/integration/mqtt/auth/generic.go:69.64,71.2 1 0
github.com/iBrick/lora-gateway-bridge/internal/integration/mqtt/backend.go:48.55,62.41 3 1
github.com/iBrick/lora-gateway-bridge/internal/integration/mqtt/backend.go:88.2,88.36 1 1
github.com/iBrick/lora-gateway-bridge/internal/integration/mqtt/backend.go:117.2,118.16 2 1
github.com/iBrick/lora-gateway-bridge/internal/integration/mqtt/backend.go:122.2,123.16 2 1
github.com/iBrick/lora-gateway-bridge/internal/integration/mqtt/backend.go:127.2,134.49 7 1
github.com/iBrick/lora-gateway-bridge/internal/integration/mqtt/backend.go:138.2,141.16 3 1
github.com/iBrick/lora-gateway-bridge/internal/integration/mqtt/backend.go:63.17,65.17 2 1
github.com/iBrick/lora-gateway-bridge/internal/integration/mqtt/backend.go:68.28,70.17 2 0
github.com/iBrick/lora-gateway-bridge/internal/integration/mqtt/backend.go:74.3,75.89 2 0
github.com/iBrick/lora-gateway-bridge/internal/integration/mqtt/backend.go:76.23,78.17 2 0
github.com/iBrick/lora-gateway-bridge/internal/integration/mqtt/backend.go:82.3,83.97 2 0
github.com/iBrick/lora-gateway-bridge/internal/integration/mqtt/backend.go:84.10,85.101 1 0
github.com/iBrick/lora-gateway-bridge/internal/integration/mqtt/backend.go:65.17,67.4 1 0
github.com/iBrick/lora-gateway-bridge/internal/integration/mqtt/backend.go:70.17,72.4 1 0
github.com/iBrick/lora-gateway-bridge/internal/integration/mqtt/backend.go:78.17,80.4 1 0
github.com/iBrick/lora-gateway-bridge/internal/integration/mqtt/backend.go:89.14,90.55 1 1
github.com/iBrick/lora-gateway-bridge/internal/integration/mqtt/backend.go:99.3,99.57 1 1
github.com/iBrick/lora-gateway-bridge/internal/integration/mqtt/backend.go:105.18,106.55 1 0
github.com/iBrick/lora-gateway-bridge/internal/integration/mqtt/backend.go:110.3,110.57 1 0
github.com/iBrick/lora-gateway-bridge/internal/integration/mqtt/backend.go:113.10,114.96 1 0
github.com/iBrick/lora-gateway-bridge/internal/integration/mqtt/backend.go:90.55,97.4 3 1
github.com/iBrick/lora-gateway-bridge/internal/integration/mqtt/backend.go:99.57,104.4 2 1
github.com/iBrick/lora-gateway-bridge/internal/integration/mqtt/backend.go:106.55,108.4 1 0
github.com/iBrick/lora-gateway-bridge/internal/integration/mqtt/backend.go:110.57,112.4 1 0
github.com/iBrick/lora-gateway-bridge/internal/integration/mqtt/backend.go:118.16,120.3 1 0
github.com/iBrick/lora-gateway-bridge/internal/integration/mqtt/backend.go:123.16,125.3 1 0
github.com/iBrick/lora-gateway-bridge/internal/integration/mqtt/backend.go:134.49,136.3 1 0
github.com/iBrick/lora-gateway-bridge/internal/integration/mqtt/backend.go:145.33,152.2 5 1
github.com/iBrick/lora-gateway-bridge/internal/integration/mqtt/backend.go:155.64,157.2 1 1
github.com/iBrick/lora-gateway-bridge/internal/integration/mqtt/backend.go:160.78,162.2 1 1
github.com/iBrick/lora-gateway-bridge/internal/integration/mqtt/backend.go:165.88,167.2 1 1
github.com/iBrick/lora-gateway-bridge/internal/integration/mqtt/backend.go:170.81,172.2 1 1
github.com/iBrick/lora-gateway-bridge/internal/integration/mqtt/backend.go:175.89,185.21 5 1
github.com/iBrick/lora-gateway-bridge/internal/integration/mqtt/backend.go:189.2,189.6 1 1
github.com/iBrick/lora-gateway-bridge/internal/integration/mqtt/backend.go:215.2,215.12 1 1
github.com/iBrick/lora-gateway-bridge/internal/integration/mqtt/backend.go:185.21,187.3 1 0
github.com/iBrick/lora-gateway-bridge/internal/integration/mqtt/backend.go:189.6,190.16 1 1
github.com/iBrick/lora-gateway-bridge/internal/integration/mqtt/backend.go:212.3,212.8 1 1
github.com/iBrick/lora-gateway-bridge/internal/integration/mqtt/backend.go:190.16,191.56 1 1
github.com/iBrick/lora-gateway-bridge/internal/integration/mqtt/backend.go:199.4,199.38 1 1
github.com/iBrick/lora-gateway-bridge/internal/integration/mqtt/backend.go:191.56,196.13 3 0
github.com/iBrick/lora-gateway-bridge/internal/integration/mqtt/backend.go:200.9,201.58 1 1
github.com/iBrick/lora-gateway-bridge/internal/integration/mqtt/backend.go:209.4,209.33 1 1
github.com/iBrick/lora-gateway-bridge/internal/integration/mqtt/backend.go:201.58,206.13 3 0
github.com/iBrick/lora-gateway-bridge/internal/integration/mqtt/backend.go:218.67,220.108 2 1
github.com/iBrick/lora-gateway-bridge/internal/integration/mqtt/backend.go:223.2,228.109 2 1
github.com/iBrick/lora-gateway-bridge/internal/integration/mqtt/backend.go:231.2,231.12 1 1
github.com/iBrick/lora-gateway-bridge/internal/integration/mqtt/backend.go:220.108,222.3 1 0
github.com/iBrick/lora-gateway-bridge/internal/integration/mqtt/backend.go:228.109,230.3 1 0
github.com/iBrick/lora-gateway-bridge/internal/integration/mqtt/backend.go:234.69,236.108 2 1
github.com/iBrick/lora-gateway-bridge/internal/integration/mqtt/backend.go:239.2,243.87 2 1
github.com/iBrick/lora-gateway-bridge/internal/integration/mqtt/backend.go:247.2,247.12 1 1
github.com/iBrick/lora-gateway-bridge/internal/integration/mqtt/backend.go:236.108,238.3 1 0
github.com/iBrick/lora-gateway-bridge/internal/integration/mqtt/backend.go:243.87,245.3 1 0
github.com/iBrick/lora-gateway-bridge/internal/integration/mqtt/backend.go:251.108,263.2 3 1
github.com/iBrick/lora-gateway-bridge/internal/integration/mqtt/backend.go:265.35,269.52 3 1
github.com/iBrick/lora-gateway-bridge/internal/integration/mqtt/backend.go:273.2,274.69 2 1
github.com/iBrick/lora-gateway-bridge/internal/integration/mqtt/backend.go:278.2,278.12 1 1
github.com/iBrick/lora-gateway-bridge/internal/integration/mqtt/backend.go:269.52,271.3 1 0
github.com/iBrick/lora-gateway-bridge/internal/integration/mqtt/backend.go:274.69,276.3 1 0
github.com/iBrick/lora-gateway-bridge/internal/integration/mqtt/backend.go:282.33,283.6 1 1
github.com/iBrick/lora-gateway-bridge/internal/integration/mqtt/backend.go:283.6,284.37 1 1
github.com/iBrick/lora-gateway-bridge/internal/integration/mqtt/backend.go:284.37,285.33 1 0
github.com/iBrick/lora-gateway-bridge/internal/integration/mqtt/backend.go:289.4,290.31 2 0
github.com/iBrick/lora-gateway-bridge/internal/integration/mqtt/backend.go:285.33,287.5 1 0
github.com/iBrick/lora-gateway-bridge/internal/integration/mqtt/backend.go:292.9,293.9 1 1
github.com/iBrick/lora-gateway-bridge/internal/integration/mqtt/backend.go:298.38,306.2 5 0
github.com/iBrick/lora-gateway-bridge/internal/integration/mqtt/backend.go:308.35,309.33 1 1
github.com/iBrick/lora-gateway-bridge/internal/integration/mqtt/backend.go:309.33,310.7 1 0
github.com/iBrick/lora-gateway-bridge/internal/integration/mqtt/backend.go:310.7,311.16 1 0
github.com/iBrick/lora-gateway-bridge/internal/integration/mqtt/backend.go:314.4,320.19 5 0
github.com/iBrick/lora-gateway-bridge/internal/integration/mqtt/backend.go:311.16,312.10 1 0
github.com/iBrick/lora-gateway-bridge/internal/integration/mqtt/backend.go:325.46,333.36 5 1
github.com/iBrick/lora-gateway-bridge/internal/integration/mqtt/backend.go:333.36,334.7 1 1
github.com/iBrick/lora-gateway-bridge/internal/integration/mqtt/backend.go:334.7,335.56 1 1
github.com/iBrick/lora-gateway-bridge/internal/integration/mqtt/backend.go:341.4,341.9 1 1
github.com/iBrick/lora-gateway-bridge/internal/integration/mqtt/backend.go:335.56,338.13 3 0
github.com/iBrick/lora-gateway-bridge/internal/integration/mqtt/backend.go:346.62,349.2 2 0
github.com/iBrick/lora-gateway-bridge/internal/integration/mqtt/backend.go:351.72,353.67 2 1
github.com/iBrick/lora-gateway-bridge/internal/integration/mqtt/backend.go:360.2,364.106 3 1
github.com/iBrick/lora-gateway-bridge/internal/integration/mqtt/backend.go:373.2,373.35 1 1
github.com/iBrick/lora-gateway-bridge/internal/integration/mqtt/backend.go:380.2,388.38 4 1
github.com/iBrick/lora-gateway-bridge/internal/integration/mqtt/backend.go:353.67,358.3 2 0
github.com/iBrick/lora-gateway-bridge/internal/integration/mqtt/backend.go:364.106,371.3 2 0
github.com/iBrick/lora-gateway-bridge/internal/integration/mqtt/backend.go:373.35,378.3 2 0
github.com/iBrick/lora-gateway-bridge/internal/integration/mqtt/backend.go:391.79,397.67 3 1
github.com/iBrick/lora-gateway-bridge/internal/integration/mqtt/backend.go:402.2,402.45 1 1
github.com/iBrick/lora-gateway-bridge/internal/integration/mqtt/backend.go:397.67,400.3 2 0
github.com/iBrick/lora-gateway-bridge/internal/integration/mqtt/backend.go:405.84,407.79 2 1
github.com/iBrick/lora-gateway-bridge/internal/integration/mqtt/backend.go:414.2,424.62 6 1
github.com/iBrick/lora-gateway-bridge/internal/integration/mqtt/backend.go:407.79,412.3 2 0
github.com/iBrick/lora-gateway-bridge/internal/integration/mqtt/backend.go:427.84,429.79 2 1
github.com/iBrick/lora-gateway-bridge/internal/integration/mqtt/backend.go:436.2,446.62 6 1
github.com/iBrick/lora-gateway-bridge/internal/integration/mqtt/backend.go:429.79,434.3 2 0
github.com/iBrick/lora-gateway-bridge/internal/integration/mqtt/backend.go:449.66,450.93 1 1
github.com/iBrick/lora-gateway-bridge/internal/integration/mqtt/backend.go:450.93,453.3 2 1
github.com/iBrick/lora-gateway-bridge/internal/integration/mqtt/backend.go:453.8,453.104 1 1
github.com/iBrick/lora-gateway-bridge/internal/integration/mqtt/backend.go:453.104,456.3 2 1
github.com/iBrick/lora-gateway-bridge/internal/integration/mqtt/backend.go:456.8,456.100 1 1
github.com/iBrick/lora-gateway-bridge/internal/integration/mqtt/backend.go:456.100,458.3 1 1
github.com/iBrick/lora-gateway-bridge/internal/integration/mqtt/backend.go:458.8,458.98 1 1
github.com/iBrick/lora-gateway-bridge/internal/integration/mqtt/backend.go:458.98,460.3 1 1
github.com/iBrick/lora-gateway-bridge/internal/integration/mqtt/backend.go:460.8,464.3 1 0
github.com/iBrick/lora-gateway-bridge/internal/integration/mqtt/backend.go:467.110,472.35 2 1
github.com/iBrick/lora-gateway-bridge/internal/integration/mqtt/backend.go:476.2,477.16 2 1
github.com/iBrick/lora-gateway-bridge/internal/integration/mqtt/backend.go:481.2,486.104 5 1
github.com/iBrick/lora-gateway-bridge/internal/integration/mqtt/backend.go:489.2,489.12 1 1
github.com/iBrick/lora-gateway-bridge/internal/integration/mqtt/backend.go:472.35,474.3 1 0
github.com/iBrick/lora-gateway-bridge/internal/integration/mqtt/backend.go:477.16,479.3 1 0
github.com/iBrick/lora-gateway-bridge/internal/integration/mqtt/backend.go:486.104,488.3 1 0
github.com/iBrick/lora-gateway-bridge/internal/integration/mqtt/metrics.go:35.52,37.2 1 1
github.com/iBrick/lora-gateway-bridge/internal/integration/mqtt/metrics.go:39.54,41.2 1 1
github.com/iBrick/lora-gateway-bridge/internal/integration/mqtt/metrics.go:43.46,45.2 1 1
github.com/iBrick/lora-gateway-bridge/internal/integration/mqtt/metrics.go:47.49,49.2 1 0
github.com/iBrick/lora-gateway-bridge/internal/integration/mqtt/metrics.go:51.48,53.2 1 0
github.com/iBrick/lora-gateway-bridge/internal/metadata/metadata.go:31.38,42.12 8 0
github.com/iBrick/lora-gateway-bridge/internal/metadata/metadata.go:49.2,49.12 1 0
github.com/iBrick/lora-gateway-bridge/internal/metadata/metadata.go:42.12,43.7 1 0
github.com/iBrick/lora-gateway-bridge/internal/metadata/metadata.go:43.7,46.4 2 0
github.com/iBrick/lora-gateway-bridge/internal/metadata/metadata.go:53.30,58.2 3 1
github.com/iBrick/lora-gateway-bridge/internal/metadata/metadata.go:60.20,62.27 2 1
github.com/iBrick/lora-gateway-bridge/internal/metadata/metadata.go:66.2,66.28 1 1
github.com/iBrick/lora-gateway-bridge/internal/metadata/metadata.go:95.2,97.16 3 1
github.com/iBrick/lora-gateway-bridge/internal/metadata/metadata.go:62.27,64.3 1 1
github.com/iBrick/lora-gateway-bridge/internal/metadata/metadata.go:66.28,68.17 2 1
github.com/iBrick/lora-gateway-bridge/internal/metadata/metadata.go:76.3,76.34 1 1
github.com/iBrick/lora-gateway-bridge/internal/metadata/metadata.go:68.17,73.12 2 1
github.com/iBrick/lora-gateway-bridge/internal/metadata/metadata.go:76.34,78.29 2 1
github.com/iBrick/lora-gateway-bridge/internal/metadata/metadata.go:78.29,80.21 2 1
github.com/iBrick/lora-gateway-bridge/internal/metadata/metadata.go:80.21,85.6 1 0
github.com/iBrick/lora-gateway-bridge/internal/metadata/metadata.go:85.11,87.6 1 1
github.com/iBrick/lora-gateway-bridge/internal/metadata/metadata.go:90.9,92.4 1 1
github.com/iBrick/lora-gateway-bridge/internal/metadata/metadata.go:100.48,102.16 2 1
github.com/iBrick/lora-gateway-bridge/internal/metadata/metadata.go:105.2,105.23 1 1
github.com/iBrick/lora-gateway-bridge/internal/metadata/metadata.go:109.2,114.16 5 1
github.com/iBrick/lora-gateway-bridge/internal/metadata/metadata.go:118.2,118.22 1 1
github.com/iBrick/lora-gateway-bridge/internal/metadata/metadata.go:122.2,122.52 1 1
github.com/iBrick/lora-gateway-bridge/internal/metadata/metadata.go:102.16,104.3 1 0
github.com/iBrick/lora-gateway-bridge/internal/metadata/metadata.go:105.23,107.3 1 0
github.com/iBrick/lora-gateway-bridge/internal/metadata/metadata.go:114.16,116.3 1 1
github.com/iBrick/lora-gateway-bridge/internal/metadata/metadata.go:118.22,120.3 1 0
